-- Inicio --
Generation Phase input = 0, body = 0 , output = 0
End generation Phase input = 0, body = 0 , output = 0
Avance Phase input = 0, body = 0 , output = 0
<<< RESOURCE_REQUEST <<<
0 <<< RESOURCE_NO_DEMAND <<< C0 = 5 
<<< RESOURCE_SEND = 0 <<< N0=3 
End Avance Phase input = 0, body = 0 , output = 0
Generation Phase input = 0, body = 0 , output = 0
End generation Phase input = 0, body = 0 , output = 0
Avance Phase Prima input = 0, body = 0 , output = 0
<<< RESOURCE_REQUEST <<<
0 <<< RESOURCE_NO_DEMAND <<< C0 = 5 
<<< RESOURCE_SEND = 0 <<< N0=3 
End Avance Phase Prima input = 0, body = 0 , output = 0
Consume DT input = 0, body = 0 , output = 0
End consume DT input = 0, body = 0 , output = 0
Ping Report input = 0, body = 0 , output = 0
End ping report input = 0, body = 0 , output = 0
Generation Phase input = 0, body = 0 , output = 0
End generation Phase input = 0, body = 0 , output = 0
Avance Phase input = 0, body = 0 , output = 0
<<< RESOURCE_REQUEST <<<
0 <<< RESOURCE_NO_DEMAND <<< C0 = 5 
<<< RESOURCE_SEND = 0 <<< N0=3 
End Avance Phase input = 0, body = 0 , output = 0
Generation Phase input = 0, body = 0 , output = 0
End generation Phase input = 0, body = 0 , output = 0
Avance Phase Prima input = 0, body = 0 , output = 0
<<< RESOURCE_REQUEST <<<
0 <<< RESOURCE_NO_DEMAND <<< C0 = 5 
<<< RESOURCE_SEND = 0 <<< N0=3 
End Avance Phase Prima input = 0, body = 0 , output = 0
Consume DT input = 0, body = 0 , output = 0
End consume DT input = 0, body = 0 , output = 0
Ping Report input = 0, body = 0 , output = 0
End ping report input = 0, body = 0 , output = 0
Generation Phase input = 0, body = 0 , output = 0
End generation Phase input = 0, body = 0 , output = 0
Avance Phase input = 0, body = 0 , output = 0
<<< RESOURCE_REQUEST <<<
0 <<< RESOURCE_NO_DEMAND <<< C0 = 5 
<<< RESOURCE_SEND = 0 <<< N0=3 
End Avance Phase input = 0, body = 0 , output = 0
Generation Phase input = 0, body = 0 , output = 0
End generation Phase input = 0, body = 0 , output = 0
Avance Phase Prima input = 0, body = 0 , output = 0
<<< RESOURCE_REQUEST <<<
0 <<< RESOURCE_NO_DEMAND <<< C0 = 5 
<<< RESOURCE_SEND = 0 <<< N0=3 
End Avance Phase Prima input = 0, body = 0 , output = 0
Consume DT input = 0, body = 0 , output = 0
End consume DT input = 0, body = 0 , output = 0
Ping Report input = 0, body = 0 , output = 0
End ping report input = 0, body = 0 , output = 0
Generation Phase input = 0, body = 0 , output = 0
End generation Phase input = 0, body = 0 , output = 0
Avance Phase input = 0, body = 0 , output = 0
<<< RESOURCE_REQUEST <<<
0 <<< RESOURCE_NO_DEMAND <<< C0 = 5 
<<< RESOURCE_SEND = 0 <<< N0=3 
End Avance Phase input = 0, body = 0 , output = 0
Generation Phase input = 0, body = 0 , output = 0
End generation Phase input = 0, body = 0 , output = 0
Avance Phase Prima input = 0, body = 0 , output = 0
<<< RESOURCE_REQUEST <<<
0 <<< RESOURCE_NO_DEMAND <<< C0 = 5 
<<< RESOURCE_SEND = 1 <<< N0=3 
End Avance Phase Prima input = 1, body = 0 , output = 0
Generation Phase input = 1, body = 0 , output = 0
End generation Phase input = 0, body = 1 , output = 1
Avance Phase Prima input = 0, body = 1 , output = 1
<<< RESOURCE_REQUEST <<<
0 <<< RESOURCE_NO_DEMAND <<< C0 = 5 
<<< RESOURCE_SEND = 0 <<< N0=3 
End Avance Phase Prima input = 0, body = 1 , output = 1
Consume DT input = 0, body = 1 , output = 1
End consume DT input = 0, body = 1 , output = 1
Ping Report input = 0, body = 1 , output = 1
End ping report input = 0, body = 1 , output = 1
Generation Phase input = 0, body = 1 , output = 1
End generation Phase input = 0, body = 1 , output = 1
Avance Phase input = 0, body = 1 , output = 1
<<< RESOURCE_REQUEST <<<
0 <<< RESOURCE_NO_DEMAND <<< C0 = 5 
<<< RESOURCE_SEND = 0 <<< N0=3 
End Avance Phase input = 0, body = 1 , output = 1
Generation Phase input = 0, body = 1 , output = 1
End generation Phase input = 0, body = 1 , output = 1
Avance Phase Prima input = 0, body = 1 , output = 1
<<< RESOURCE_REQUEST <<<
0 <<< RESOURCE_NO_DEMAND <<< C0 = 5 
<<< RESOURCE_SEND = 0 <<< N0=3 
End Avance Phase Prima input = 0, body = 1 , output = 1
Consume DT input = 0, body = 1 , output = 1
End consume DT input = 0, body = 1 , output = 1
Ping Report input = 0, body = 1 , output = 1
End ping report input = 0, body = 1 , output = 1
Generation Phase input = 0, body = 1 , output = 1
End generation Phase input = 0, body = 1 , output = 1
Avance Phase input = 0, body = 1 , output = 1
<<< RESOURCE_REQUEST <<<
0 <<< RESOURCE_NO_DEMAND <<< C0 = 5 
<<< RESOURCE_SEND = 0 <<< N0=3 
End Avance Phase input = 0, body = 1 , output = 1
Generation Phase input = 0, body = 1 , output = 1
End generation Phase input = 0, body = 1 , output = 1
Avance Phase Prima input = 0, body = 1 , output = 1
<<< RESOURCE_REQUEST <<<
0 <<< RESOURCE_NO_DEMAND <<< C0 = 5 
<<< RESOURCE_SEND = 0 <<< N0=3 
End Avance Phase Prima input = 0, body = 1 , output = 1
Consume DT input = 0, body = 1 , output = 1
End consume DT input = 0, body = 1 , output = 1
Ping Report input = 0, body = 1 , output = 1
End ping report input = 0, body = 1 , output = 1
Generation Phase input = 0, body = 1 , output = 1
End generation Phase input = 0, body = 1 , output = 1
Avance Phase input = 0, body = 1 , output = 1
<<< RESOURCE_REQUEST <<<
0 <<< RESOURCE_NO_DEMAND <<< C0 = 5 
<<< RESOURCE_SEND = 0 <<< N0=3 
End Avance Phase input = 0, body = 1 , output = 1
Generation Phase input = 0, body = 1 , output = 1
End generation Phase input = 0, body = 1 , output = 1
Avance Phase Prima input = 0, body = 1 , output = 1
<<< RESOURCE_REQUEST <<<
0 <<< RESOURCE_NO_DEMAND <<< C0 = 5 
<<< RESOURCE_SEND = 0 <<< N0=3 
End Avance Phase Prima input = 0, body = 1 , output = 1
Consume DT input = 0, body = 1 , output = 1
End consume DT input = 0, body = 1 , output = 1
Ping Report input = 0, body = 1 , output = 1
End ping report input = 0, body = 1 , output = 1
Generation Phase input = 0, body = 1 , output = 1
End generation Phase input = 0, body = 1 , output = 1
Avance Phase input = 0, body = 1 , output = 1
<<< RESOURCE_REQUEST <<<
0 <<< RESOURCE_NO_DEMAND <<< C0 = 5 
<<< RESOURCE_SEND = 0 <<< N0=3 
End Avance Phase input = 0, body = 1 , output = 1
Generation Phase input = 0, body = 1 , output = 1
End generation Phase input = 0, body = 1 , output = 1
Avance Phase Prima input = 0, body = 1 , output = 1
<<< RESOURCE_REQUEST <<<
0 <<< RESOURCE_NO_DEMAND <<< C0 = 5 
<<< RESOURCE_SEND = 0 <<< N0=3 
End Avance Phase Prima input = 0, body = 1 , output = 1
Consume DT input = 0, body = 1 , output = 1
End consume DT input = 0, body = 1 , output = 1
Ping Report input = 0, body = 1 , output = 1
End ping report input = 0, body = 1 , output = 1
Generation Phase input = 0, body = 1 , output = 1
End generation Phase input = 0, body = 1 , output = 1
Avance Phase input = 0, body = 1 , output = 1
<<< RESOURCE_REQUEST <<<
0 <<< RESOURCE_NO_DEMAND <<< C0 = 5 
<<< RESOURCE_SEND = 0 <<< N0=3 
End Avance Phase input = 0, body = 1 , output = 1
Generation Phase input = 0, body = 1 , output = 1
End generation Phase input = 0, body = 1 , output = 1
Avance Phase Prima input = 0, body = 1 , output = 1
<<< RESOURCE_REQUEST <<<
0 <<< RESOURCE_NO_DEMAND <<< C0 = 5 
<<< RESOURCE_SEND = 0 <<< N0=3 
End Avance Phase Prima input = 0, body = 1 , output = 1
Consume DT input = 0, body = 1 , output = 1
End consume DT input = 0, body = 1 , output = 1
Ping Report input = 0, body = 1 , output = 1
End ping report input = 0, body = 1 , output = 1
Generation Phase input = 0, body = 1 , output = 1
End generation Phase input = 0, body = 1 , output = 1
Avance Phase input = 0, body = 1 , output = 1
<<< RESOURCE_REQUEST <<<
0 <<< RESOURCE_NO_DEMAND <<< C0 = 5 
<<< RESOURCE_SEND = 0 <<< N0=3 
End Avance Phase input = 0, body = 1 , output = 1
Generation Phase input = 0, body = 1 , output = 1
End generation Phase input = 0, body = 1 , output = 1
Avance Phase Prima input = 0, body = 1 , output = 1
<<< RESOURCE_REQUEST <<<
0 <<< RESOURCE_NO_DEMAND <<< C0 = 5 
<<< RESOURCE_SEND = 1 <<< N0=3 
End Avance Phase Prima input = 1, body = 1 , output = 1
Generation Phase input = 1, body = 1 , output = 1
End generation Phase input = 0, body = 2 , output = 2
Avance Phase Prima input = 0, body = 2 , output = 2
<<< RESOURCE_REQUEST <<<
0 <<< RESOURCE_NO_DEMAND <<< C0 = 5 
<<< RESOURCE_SEND = 0 <<< N0=3 
End Avance Phase Prima input = 0, body = 2 , output = 2
Consume DT input = 0, body = 2 , output = 2
End consume DT input = 0, body = 2 , output = 2
Ping Report input = 0, body = 2 , output = 2
End ping report input = 0, body = 2 , output = 2
Generation Phase input = 0, body = 2 , output = 2
End generation Phase input = 0, body = 2 , output = 2
Avance Phase input = 0, body = 2 , output = 2
<<< RESOURCE_REQUEST <<<
0 <<< RESOURCE_NO_DEMAND <<< C0 = 5 
<<< RESOURCE_SEND = 0 <<< N0=3 
End Avance Phase input = 0, body = 2 , output = 2
Generation Phase input = 0, body = 2 , output = 2
End generation Phase input = 0, body = 2 , output = 2
Avance Phase Prima input = 0, body = 2 , output = 2
<<< RESOURCE_REQUEST <<<
0 <<< RESOURCE_NO_DEMAND <<< C0 = 5 
<<< RESOURCE_SEND = 0 <<< N0=3 
End Avance Phase Prima input = 0, body = 2 , output = 2
Consume DT input = 0, body = 2 , output = 2
End consume DT input = 0, body = 2 , output = 2
Ping Report input = 0, body = 2 , output = 2
End ping report input = 0, body = 2 , output = 2
Generation Phase input = 0, body = 2 , output = 2
End generation Phase input = 0, body = 2 , output = 2
Avance Phase input = 0, body = 2 , output = 2
<<< RESOURCE_REQUEST <<<
0 <<< RESOURCE_NO_DEMAND <<< C0 = 5 
<<< RESOURCE_SEND = 0 <<< N0=3 
End Avance Phase input = 0, body = 2 , output = 2
Generation Phase input = 0, body = 2 , output = 2
End generation Phase input = 0, body = 2 , output = 2
Avance Phase Prima input = 0, body = 2 , output = 2
<<< RESOURCE_REQUEST <<<
0 <<< RESOURCE_NO_DEMAND <<< C0 = 5 
<<< RESOURCE_SEND = 0 <<< N0=3 
End Avance Phase Prima input = 0, body = 2 , output = 2
Consume DT input = 0, body = 2 , output = 2
End consume DT input = 0, body = 2 , output = 2
Ping Report input = 0, body = 2 , output = 2
End ping report input = 0, body = 2 , output = 2
Generation Phase input = 0, body = 2 , output = 2
End generation Phase input = 0, body = 2 , output = 2
Avance Phase input = 0, body = 2 , output = 2
<<< RESOURCE_REQUEST <<<
0 <<< RESOURCE_NO_DEMAND <<< C0 = 5 
<<< RESOURCE_SEND = 0 <<< N0=3 
End Avance Phase input = 0, body = 2 , output = 2
Generation Phase input = 0, body = 2 , output = 2
End generation Phase input = 0, body = 2 , output = 2
Avance Phase Prima input = 0, body = 2 , output = 2
<<< RESOURCE_REQUEST <<<
0 <<< RESOURCE_NO_DEMAND <<< C0 = 5 
<<< RESOURCE_SEND = 1 <<< N0=3 
End Avance Phase Prima input = 1, body = 2 , output = 2
Generation Phase input = 1, body = 2 , output = 2
End generation Phase input = 0, body = 3 , output = 3
Avance Phase Prima input = 0, body = 3 , output = 3
<<< RESOURCE_REQUEST <<<
0 <<< RESOURCE_NO_DEMAND <<< C0 = 5 
<<< RESOURCE_SEND = 0 <<< N0=3 
End Avance Phase Prima input = 0, body = 3 , output = 3
Consume DT input = 0, body = 3 , output = 3
End consume DT input = 0, body = 3 , output = 3
Ping Report input = 0, body = 3 , output = 3
End ping report input = 0, body = 3 , output = 3
Generation Phase input = 0, body = 3 , output = 3
End generation Phase input = 0, body = 3 , output = 3
Avance Phase input = 0, body = 3 , output = 3
<<< RESOURCE_REQUEST <<<
0 <<< RESOURCE_NO_DEMAND <<< C0 = 5 
<<< RESOURCE_SEND = 0 <<< N0=3 
End Avance Phase input = 0, body = 3 , output = 3
Generation Phase input = 0, body = 3 , output = 3
End generation Phase input = 0, body = 3 , output = 3
Avance Phase Prima input = 0, body = 3 , output = 3
<<< RESOURCE_REQUEST <<<
0 <<< RESOURCE_NO_DEMAND <<< C0 = 5 
<<< RESOURCE_SEND = 0 <<< N0=3 
End Avance Phase Prima input = 0, body = 3 , output = 3
Consume DT input = 0, body = 3 , output = 3
End consume DT input = 0, body = 3 , output = 3
Ping Report input = 0, body = 3 , output = 3
End ping report input = 0, body = 3 , output = 3
Generation Phase input = 0, body = 3 , output = 3
End generation Phase input = 0, body = 3 , output = 3
Avance Phase input = 0, body = 3 , output = 3
<<< RESOURCE_REQUEST <<<
0 <<< RESOURCE_NO_DEMAND <<< C0 = 5 
<<< RESOURCE_SEND = 0 <<< N0=3 
End Avance Phase input = 0, body = 3 , output = 3
Generation Phase input = 0, body = 3 , output = 3
End generation Phase input = 0, body = 3 , output = 3
Avance Phase Prima input = 0, body = 3 , output = 3
<<< RESOURCE_REQUEST <<<
0 <<< RESOURCE_NO_DEMAND <<< C0 = 5 
<<< RESOURCE_SEND = 0 <<< N0=3 
End Avance Phase Prima input = 0, body = 3 , output = 3
Consume DT input = 0, body = 3 , output = 3
End consume DT input = 0, body = 3 , output = 3
Ping Report input = 0, body = 3 , output = 3
End ping report input = 0, body = 3 , output = 3
Generation Phase input = 0, body = 3 , output = 3
End generation Phase input = 0, body = 3 , output = 3
Avance Phase input = 0, body = 3 , output = 3
<<< RESOURCE_REQUEST <<<
0 <<< RESOURCE_NO_DEMAND <<< C0 = 5 
<<< RESOURCE_SEND = 0 <<< N0=3 
End Avance Phase input = 0, body = 3 , output = 3
Generation Phase input = 0, body = 3 , output = 3
End generation Phase input = 0, body = 3 , output = 3
Avance Phase Prima input = 0, body = 3 , output = 3
<<< RESOURCE_REQUEST <<<
0 <<< RESOURCE_NO_DEMAND <<< C0 = 5 
<<< RESOURCE_SEND = 0 <<< N0=3 
End Avance Phase Prima input = 0, body = 3 , output = 3
Consume DT input = 0, body = 3 , output = 3
End consume DT input = 0, body = 3 , output = 3
Ping Report input = 0, body = 3 , output = 3
End ping report input = 0, body = 3 , output = 3
Generation Phase input = 0, body = 3 , output = 3
End generation Phase input = 0, body = 3 , output = 3
Avance Phase input = 0, body = 3 , output = 3
<<< RESOURCE_REQUEST <<<
0 <<< RESOURCE_NO_DEMAND <<< C0 = 5 
<<< RESOURCE_SEND = 0 <<< N0=3 
End Avance Phase input = 0, body = 3 , output = 3
Generation Phase input = 0, body = 3 , output = 3
End generation Phase input = 0, body = 3 , output = 3
Avance Phase Prima input = 0, body = 3 , output = 3
<<< RESOURCE_REQUEST <<<
0 <<< RESOURCE_NO_DEMAND <<< C0 = 5 
<<< RESOURCE_SEND = 0 <<< N0=3 
End Avance Phase Prima input = 0, body = 3 , output = 3
Consume DT input = 0, body = 3 , output = 3
End consume DT input = 0, body = 3 , output = 3
Ping Report input = 0, body = 3 , output = 3
End ping report input = 0, body = 3 , output = 3
Generation Phase input = 0, body = 3 , output = 3
End generation Phase input = 0, body = 3 , output = 3
Avance Phase input = 0, body = 3 , output = 3
<<< RESOURCE_REQUEST <<<
0 <<< RESOURCE_NO_DEMAND <<< C0 = 5 
<<< RESOURCE_SEND = 0 <<< N0=3 
End Avance Phase input = 0, body = 3 , output = 3
Generation Phase input = 0, body = 3 , output = 3
End generation Phase input = 0, body = 3 , output = 3
Avance Phase Prima input = 0, body = 3 , output = 3
<<< RESOURCE_REQUEST <<<
0 <<< RESOURCE_NO_DEMAND <<< C0 = 5 
<<< RESOURCE_SEND = 0 <<< N0=3 
End Avance Phase Prima input = 0, body = 3 , output = 3
Consume DT input = 0, body = 3 , output = 3
End consume DT input = 0, body = 3 , output = 3
Ping Report input = 0, body = 3 , output = 3
End ping report input = 0, body = 3 , output = 3
Generation Phase input = 0, body = 3 , output = 3
End generation Phase input = 0, body = 3 , output = 3
Avance Phase input = 0, body = 3 , output = 3
<<< RESOURCE_REQUEST <<<
0 <<< RESOURCE_NO_DEMAND <<< C0 = 5 
<<< RESOURCE_SEND = 0 <<< N0=3 
End Avance Phase input = 0, body = 3 , output = 3
Generation Phase input = 0, body = 3 , output = 3
End generation Phase input = 0, body = 3 , output = 3
Avance Phase Prima input = 0, body = 3 , output = 3
<<< RESOURCE_REQUEST <<<
0 <<< RESOURCE_NO_DEMAND <<< C0 = 5 
<<< RESOURCE_SEND = 1 <<< N0=3 
End Avance Phase Prima input = 1, body = 3 , output = 3
Generation Phase input = 1, body = 3 , output = 3
End generation Phase input = 0, body = 4 , output = 4
Avance Phase Prima input = 0, body = 4 , output = 4
<<< RESOURCE_REQUEST <<<
0 <<< RESOURCE_NO_DEMAND <<< C0 = 5 
<<< RESOURCE_SEND = 0 <<< N0=3 
End Avance Phase Prima input = 0, body = 4 , output = 4
Consume DT input = 0, body = 4 , output = 4
End consume DT input = 0, body = 4 , output = 4
Ping Report input = 0, body = 4 , output = 4
End ping report input = 0, body = 4 , output = 4
Generation Phase input = 0, body = 4 , output = 4
End generation Phase input = 0, body = 4 , output = 4
Avance Phase input = 0, body = 4 , output = 4
<<< RESOURCE_REQUEST <<<
0 <<< RESOURCE_NO_DEMAND <<< C0 = 5 
<<< RESOURCE_SEND = 0 <<< N0=3 
End Avance Phase input = 0, body = 4 , output = 4
Generation Phase input = 0, body = 4 , output = 4
End generation Phase input = 0, body = 4 , output = 4
Avance Phase Prima input = 0, body = 4 , output = 4
<<< RESOURCE_REQUEST <<<
0 <<< RESOURCE_NO_DEMAND <<< C0 = 5 
<<< RESOURCE_SEND = 0 <<< N0=3 
End Avance Phase Prima input = 0, body = 4 , output = 4
Consume DT input = 0, body = 4 , output = 4
End consume DT input = 0, body = 4 , output = 4
Ping Report input = 0, body = 4 , output = 4
End ping report input = 0, body = 4 , output = 4
Generation Phase input = 0, body = 4 , output = 4
End generation Phase input = 0, body = 4 , output = 4
Avance Phase input = 0, body = 4 , output = 4
<<< RESOURCE_REQUEST <<<
0 <<< RESOURCE_NO_DEMAND <<< C0 = 5 
<<< RESOURCE_SEND = 0 <<< N0=3 
End Avance Phase input = 0, body = 4 , output = 4
Generation Phase input = 0, body = 4 , output = 4
End generation Phase input = 0, body = 4 , output = 4
Avance Phase Prima input = 0, body = 4 , output = 4
<<< RESOURCE_REQUEST <<<
0 <<< RESOURCE_NO_DEMAND <<< C0 = 5 
<<< RESOURCE_SEND = 0 <<< N0=3 
End Avance Phase Prima input = 0, body = 4 , output = 4
Consume DT input = 0, body = 4 , output = 4
End consume DT input = 0, body = 4 , output = 4
Ping Report input = 0, body = 4 , output = 4
End ping report input = 0, body = 4 , output = 4
Generation Phase input = 0, body = 4 , output = 4
End generation Phase input = 0, body = 4 , output = 4
Avance Phase input = 0, body = 4 , output = 4
<<< RESOURCE_REQUEST <<<
0 <<< RESOURCE_NO_DEMAND <<< C0 = 5 
<<< RESOURCE_SEND = 0 <<< N0=3 
End Avance Phase input = 0, body = 4 , output = 4
Generation Phase input = 0, body = 4 , output = 4
End generation Phase input = 0, body = 4 , output = 4
Avance Phase Prima input = 0, body = 4 , output = 4
<<< RESOURCE_REQUEST <<<
0 <<< RESOURCE_NO_DEMAND <<< C0 = 5 
<<< RESOURCE_SEND = 0 <<< N0=3 
End Avance Phase Prima input = 0, body = 4 , output = 4
Consume DT input = 0, body = 4 , output = 4
End consume DT input = 0, body = 4 , output = 4
Ping Report input = 0, body = 4 , output = 4
End ping report input = 0, body = 4 , output = 4
Generation Phase input = 0, body = 4 , output = 4
End generation Phase input = 0, body = 4 , output = 4
Avance Phase input = 0, body = 4 , output = 4
<<< RESOURCE_REQUEST <<<
0 <<< RESOURCE_NO_DEMAND <<< C0 = 5 
<<< RESOURCE_SEND = 0 <<< N0=3 
End Avance Phase input = 0, body = 4 , output = 4
Generation Phase input = 0, body = 4 , output = 4
End generation Phase input = 0, body = 4 , output = 4
Avance Phase Prima input = 0, body = 4 , output = 4
<<< RESOURCE_REQUEST <<<
0 <<< RESOURCE_NO_DEMAND <<< C0 = 5 
<<< RESOURCE_SEND = 0 <<< N0=3 
End Avance Phase Prima input = 0, body = 4 , output = 4
Consume DT input = 0, body = 4 , output = 4
End consume DT input = 0, body = 4 , output = 4
Ping Report input = 0, body = 4 , output = 4
End ping report input = 0, body = 4 , output = 4
Generation Phase input = 0, body = 4 , output = 4
End generation Phase input = 0, body = 4 , output = 4
Avance Phase input = 0, body = 4 , output = 4
<<< RESOURCE_REQUEST <<<
0 <<< RESOURCE_NO_DEMAND <<< C0 = 5 
<<< RESOURCE_SEND = 0 <<< N0=3 
End Avance Phase input = 0, body = 4 , output = 4
Generation Phase input = 0, body = 4 , output = 4
End generation Phase input = 0, body = 4 , output = 4
Avance Phase Prima input = 0, body = 4 , output = 4
<<< RESOURCE_REQUEST <<<
0 <<< RESOURCE_NO_DEMAND <<< C0 = 5 
<<< RESOURCE_SEND = 0 <<< N0=3 
End Avance Phase Prima input = 0, body = 4 , output = 4
Consume DT input = 0, body = 4 , output = 4
End consume DT input = 0, body = 4 , output = 4
Ping Report input = 0, body = 4 , output = 4
End ping report input = 0, body = 4 , output = 4
Generation Phase input = 0, body = 4 , output = 4
End generation Phase input = 0, body = 4 , output = 4
Avance Phase input = 0, body = 4 , output = 4
<<< RESOURCE_REQUEST <<<
0 <<< RESOURCE_NO_DEMAND <<< C0 = 5 
<<< RESOURCE_SEND = 0 <<< N0=3 
End Avance Phase input = 0, body = 4 , output = 4
Generation Phase input = 0, body = 4 , output = 4
End generation Phase input = 0, body = 4 , output = 4
Avance Phase Prima input = 0, body = 4 , output = 4
<<< RESOURCE_REQUEST <<<
0 <<< RESOURCE_NO_DEMAND <<< C0 = 5 
<<< RESOURCE_SEND = 0 <<< N0=3 
End Avance Phase Prima input = 0, body = 4 , output = 4
Consume DT input = 0, body = 4 , output = 4
End consume DT input = 0, body = 4 , output = 4
Ping Report input = 0, body = 4 , output = 4
End ping report input = 0, body = 4 , output = 4
Generation Phase input = 0, body = 4 , output = 4
End generation Phase input = 0, body = 4 , output = 4
Avance Phase input = 0, body = 4 , output = 4
<<< RESOURCE_REQUEST <<<
0 <<< RESOURCE_NO_DEMAND <<< C0 = 5 
<<< RESOURCE_SEND = 0 <<< N0=3 
End Avance Phase input = 0, body = 4 , output = 4
Generation Phase input = 0, body = 4 , output = 4
End generation Phase input = 0, body = 4 , output = 4
Avance Phase Prima input = 0, body = 4 , output = 4
<<< RESOURCE_REQUEST <<<
0 <<< RESOURCE_NO_DEMAND <<< C0 = 5 
<<< RESOURCE_SEND = 0 <<< N0=3 
End Avance Phase Prima input = 0, body = 4 , output = 4
Consume DT input = 0, body = 4 , output = 4
End consume DT input = 0, body = 4 , output = 4
Ping Report input = 0, body = 4 , output = 4
End ping report input = 0, body = 4 , output = 4
Generation Phase input = 0, body = 4 , output = 4
End generation Phase input = 0, body = 4 , output = 4
Avance Phase input = 0, body = 4 , output = 4
<<< RESOURCE_REQUEST <<<
0 <<< RESOURCE_NO_DEMAND <<< C0 = 5 
<<< RESOURCE_SEND = 0 <<< N0=3 
End Avance Phase input = 0, body = 4 , output = 4
Generation Phase input = 0, body = 4 , output = 4
End generation Phase input = 0, body = 4 , output = 4
Avance Phase Prima input = 0, body = 4 , output = 4
<<< RESOURCE_REQUEST <<<
0 <<< RESOURCE_NO_DEMAND <<< C0 = 5 
<<< RESOURCE_SEND = 0 <<< N0=3 
End Avance Phase Prima input = 0, body = 4 , output = 4
Consume DT input = 0, body = 4 , output = 4
End consume DT input = 0, body = 4 , output = 4
Ping Report input = 0, body = 4 , output = 4
End ping report input = 0, body = 4 , output = 4
Generation Phase input = 0, body = 4 , output = 4
End generation Phase input = 0, body = 4 , output = 4
Avance Phase input = 0, body = 4 , output = 4
<<< RESOURCE_REQUEST <<<
0 <<< RESOURCE_NO_DEMAND <<< C0 = 5 
<<< RESOURCE_SEND = 0 <<< N0=3 
End Avance Phase input = 0, body = 4 , output = 4
Generation Phase input = 0, body = 4 , output = 4
End generation Phase input = 0, body = 4 , output = 4
Avance Phase Prima input = 0, body = 4 , output = 4
<<< RESOURCE_REQUEST <<<
0 <<< RESOURCE_NO_DEMAND <<< C0 = 5 
<<< RESOURCE_SEND = 0 <<< N0=3 
End Avance Phase Prima input = 0, body = 4 , output = 4
Consume DT input = 0, body = 4 , output = 4
End consume DT input = 0, body = 4 , output = 4
Ping Report input = 0, body = 4 , output = 4
End ping report input = 0, body = 4 , output = 4
Generation Phase input = 0, body = 4 , output = 4
End generation Phase input = 0, body = 4 , output = 4
Avance Phase input = 0, body = 4 , output = 4
<<< RESOURCE_REQUEST <<<
0 <<< RESOURCE_NO_DEMAND <<< C0 = 5 
<<< RESOURCE_SEND = 0 <<< N0=3 
End Avance Phase input = 0, body = 4 , output = 4
Generation Phase input = 0, body = 4 , output = 4
End generation Phase input = 0, body = 4 , output = 4
Avance Phase Prima input = 0, body = 4 , output = 4
<<< RESOURCE_REQUEST <<<
0 <<< RESOURCE_NO_DEMAND <<< C0 = 5 
<<< RESOURCE_SEND = 0 <<< N0=3 
End Avance Phase Prima input = 0, body = 4 , output = 4
Consume DT input = 0, body = 4 , output = 4
End consume DT input = 0, body = 4 , output = 4
Ping Report input = 0, body = 4 , output = 4
End ping report input = 0, body = 4 , output = 4
Generation Phase input = 0, body = 4 , output = 4
End generation Phase input = 0, body = 4 , output = 4
Avance Phase input = 0, body = 4 , output = 4
<<< RESOURCE_REQUEST <<<
0 <<< RESOURCE_NO_DEMAND <<< C0 = 5 
<<< RESOURCE_SEND = 0 <<< N0=3 
End Avance Phase input = 0, body = 4 , output = 4
Generation Phase input = 0, body = 4 , output = 4
End generation Phase input = 0, body = 4 , output = 4
Avance Phase Prima input = 0, body = 4 , output = 4
<<< RESOURCE_REQUEST <<<
0 <<< RESOURCE_NO_DEMAND <<< C0 = 5 
<<< RESOURCE_SEND = 0 <<< N0=3 
End Avance Phase Prima input = 0, body = 4 , output = 4
Consume DT input = 0, body = 4 , output = 4
End consume DT input = 0, body = 4 , output = 4
Ping Report input = 0, body = 4 , output = 4
End ping report input = 0, body = 4 , output = 4
Generation Phase input = 0, body = 4 , output = 4
End generation Phase input = 0, body = 4 , output = 4
Avance Phase input = 0, body = 4 , output = 4
<<< RESOURCE_REQUEST <<<
0 <<< RESOURCE_NO_DEMAND <<< C0 = 5 
<<< RESOURCE_SEND = 0 <<< N0=3 
End Avance Phase input = 0, body = 4 , output = 4
Generation Phase input = 0, body = 4 , output = 4
End generation Phase input = 0, body = 4 , output = 4
Avance Phase Prima input = 0, body = 4 , output = 4
<<< RESOURCE_REQUEST <<<
0 <<< RESOURCE_NO_DEMAND <<< C0 = 5 
<<< RESOURCE_SEND = 0 <<< N0=3 
End Avance Phase Prima input = 0, body = 4 , output = 4
Consume DT input = 0, body = 4 , output = 4
End consume DT input = 0, body = 4 , output = 4
Ping Report input = 0, body = 4 , output = 4
End ping report input = 0, body = 4 , output = 4
Generation Phase input = 0, body = 4 , output = 4
End generation Phase input = 0, body = 4 , output = 4
Avance Phase input = 0, body = 4 , output = 4
<<< RESOURCE_REQUEST <<<
0 <<< RESOURCE_NO_DEMAND <<< C0 = 5 
<<< RESOURCE_SEND = 0 <<< N0=3 
End Avance Phase input = 0, body = 4 , output = 4
Generation Phase input = 0, body = 4 , output = 4
End generation Phase input = 0, body = 4 , output = 4
Avance Phase Prima input = 0, body = 4 , output = 4
<<< RESOURCE_REQUEST <<<
0 <<< RESOURCE_NO_DEMAND <<< C0 = 5 
<<< RESOURCE_SEND = 1 <<< N0=3 
End Avance Phase Prima input = 1, body = 4 , output = 4
Generation Phase input = 1, body = 4 , output = 4
End generation Phase input = 0, body = 5 , output = 5
Avance Phase Prima input = 0, body = 5 , output = 5
<<< RESOURCE_REQUEST <<<
0 <<< RESOURCE_NO_DEMAND <<< C0 = 5 
<<< RESOURCE_SEND = 0 <<< N0=3 
End Avance Phase Prima input = 0, body = 5 , output = 5
Consume DT input = 0, body = 5 , output = 5
End consume DT input = 0, body = 5 , output = 5
Ping Report input = 0, body = 5 , output = 5
End ping report input = 0, body = 5 , output = 5
Generation Phase input = 0, body = 5 , output = 5
End generation Phase input = 0, body = 5 , output = 5
Avance Phase input = 0, body = 5 , output = 5
<<< RESOURCE_REQUEST <<<
0 <<< RESOURCE_NO_DEMAND <<< C0 = 5 
<<< RESOURCE_SEND = 0 <<< N0=3 
End Avance Phase input = 0, body = 5 , output = 5
Generation Phase input = 0, body = 5 , output = 5
End generation Phase input = 0, body = 5 , output = 5
Avance Phase Prima input = 0, body = 5 , output = 5
<<< RESOURCE_REQUEST <<<
0 <<< RESOURCE_NO_DEMAND <<< C0 = 5 
<<< RESOURCE_SEND = 0 <<< N0=3 
End Avance Phase Prima input = 0, body = 5 , output = 5
Consume DT input = 0, body = 5 , output = 5
End consume DT input = 0, body = 5 , output = 5
Ping Report input = 0, body = 5 , output = 5
End ping report input = 0, body = 5 , output = 5
Generation Phase input = 0, body = 5 , output = 5
End generation Phase input = 0, body = 5 , output = 5
Avance Phase input = 0, body = 5 , output = 5
<<< RESOURCE_REQUEST <<<
0 <<< RESOURCE_NO_DEMAND <<< C0 = 5 
<<< RESOURCE_SEND = 0 <<< N0=3 
End Avance Phase input = 0, body = 5 , output = 5
Generation Phase input = 0, body = 5 , output = 5
End generation Phase input = 0, body = 5 , output = 5
Avance Phase Prima input = 0, body = 5 , output = 5
<<< RESOURCE_REQUEST <<<
0 <<< RESOURCE_NO_DEMAND <<< C0 = 5 
<<< RESOURCE_SEND = 0 <<< N0=3 
End Avance Phase Prima input = 0, body = 5 , output = 5
Consume DT input = 0, body = 5 , output = 5
End consume DT input = 0, body = 5 , output = 5
Ping Report input = 0, body = 5 , output = 5
End ping report input = 0, body = 5 , output = 5
Generation Phase input = 0, body = 5 , output = 5
End generation Phase input = 0, body = 5 , output = 5
Avance Phase input = 0, body = 5 , output = 5
<<< RESOURCE_REQUEST <<<
0 <<< RESOURCE_NO_DEMAND <<< C0 = 5 
<<< RESOURCE_SEND = 0 <<< N0=3 
End Avance Phase input = 0, body = 5 , output = 5
Generation Phase input = 0, body = 5 , output = 5
End generation Phase input = 0, body = 5 , output = 5
Avance Phase Prima input = 0, body = 5 , output = 5
<<< RESOURCE_REQUEST <<<
0 <<< RESOURCE_NO_DEMAND <<< C0 = 5 
<<< RESOURCE_SEND = 0 <<< N0=3 
End Avance Phase Prima input = 0, body = 5 , output = 5
Consume DT input = 0, body = 5 , output = 5
End consume DT input = 0, body = 5 , output = 5
Ping Report input = 0, body = 5 , output = 5
End ping report input = 0, body = 5 , output = 5
Generation Phase input = 0, body = 5 , output = 5
End generation Phase input = 0, body = 5 , output = 5
Avance Phase input = 0, body = 5 , output = 5
<<< RESOURCE_REQUEST <<<
0 <<< RESOURCE_NO_DEMAND <<< C0 = 5 
<<< RESOURCE_SEND = 0 <<< N0=3 
End Avance Phase input = 0, body = 5 , output = 5
Generation Phase input = 0, body = 5 , output = 5
End generation Phase input = 0, body = 5 , output = 5
Avance Phase Prima input = 0, body = 5 , output = 5
<<< RESOURCE_REQUEST <<<
0 <<< RESOURCE_NO_DEMAND <<< C0 = 5 
<<< RESOURCE_SEND = 0 <<< N0=3 
End Avance Phase Prima input = 0, body = 5 , output = 5
Consume DT input = 0, body = 5 , output = 5
End consume DT input = 0, body = 5 , output = 5
Ping Report input = 0, body = 5 , output = 5
End ping report input = 0, body = 5 , output = 5
Generation Phase input = 0, body = 5 , output = 5
End generation Phase input = 0, body = 5 , output = 5
Avance Phase input = 0, body = 5 , output = 5
<<< RESOURCE_REQUEST <<<
0 <<< RESOURCE_NO_DEMAND <<< C0 = 5 
<<< RESOURCE_SEND = 0 <<< N0=3 
End Avance Phase input = 0, body = 5 , output = 5
Generation Phase input = 0, body = 5 , output = 5
End generation Phase input = 0, body = 5 , output = 5
Avance Phase Prima input = 0, body = 5 , output = 5
<<< RESOURCE_REQUEST <<<
0 <<< RESOURCE_NO_DEMAND <<< C0 = 5 
<<< RESOURCE_SEND = 0 <<< N0=3 
End Avance Phase Prima input = 0, body = 5 , output = 5
Consume DT input = 0, body = 5 , output = 5
End consume DT input = 0, body = 5 , output = 5
Ping Report input = 0, body = 5 , output = 5
End ping report input = 0, body = 5 , output = 5
Generation Phase input = 0, body = 5 , output = 5
End generation Phase input = 0, body = 5 , output = 5
Avance Phase input = 0, body = 5 , output = 5
<<< RESOURCE_REQUEST <<<
0 <<< RESOURCE_NO_DEMAND <<< C0 = 5 
<<< RESOURCE_SEND = 0 <<< N0=3 
End Avance Phase input = 0, body = 5 , output = 5
Generation Phase input = 0, body = 5 , output = 5
End generation Phase input = 0, body = 5 , output = 5
Avance Phase Prima input = 0, body = 5 , output = 5
<<< RESOURCE_REQUEST <<<
0 <<< RESOURCE_NO_DEMAND <<< C0 = 5 
<<< RESOURCE_SEND = 0 <<< N0=3 
End Avance Phase Prima input = 0, body = 5 , output = 5
Consume DT input = 0, body = 5 , output = 5
End consume DT input = 0, body = 5 , output = 5
Ping Report input = 0, body = 5 , output = 5
End ping report input = 0, body = 5 , output = 5
Generation Phase input = 0, body = 5 , output = 5
End generation Phase input = 0, body = 5 , output = 5
Avance Phase input = 0, body = 5 , output = 5
<<< RESOURCE_REQUEST <<<
0 <<< RESOURCE_NO_DEMAND <<< C0 = 5 
<<< RESOURCE_SEND = 0 <<< N0=3 
End Avance Phase input = 0, body = 5 , output = 5
Generation Phase input = 0, body = 5 , output = 5
End generation Phase input = 0, body = 5 , output = 5
Avance Phase Prima input = 0, body = 5 , output = 5
<<< RESOURCE_REQUEST <<<
0 <<< RESOURCE_NO_DEMAND <<< C0 = 5 
<<< RESOURCE_SEND = 0 <<< N0=3 
End Avance Phase Prima input = 0, body = 5 , output = 5
Consume DT input = 0, body = 5 , output = 5
End consume DT input = 0, body = 5 , output = 5
Ping Report input = 0, body = 5 , output = 5
End ping report input = 0, body = 5 , output = 5
Generation Phase input = 0, body = 5 , output = 5
End generation Phase input = 0, body = 5 , output = 5
Avance Phase input = 0, body = 5 , output = 5
<<< RESOURCE_REQUEST <<<
0 <<< RESOURCE_NO_DEMAND <<< C0 = 5 
<<< RESOURCE_SEND = 0 <<< N0=3 
End Avance Phase input = 0, body = 5 , output = 5
Generation Phase input = 0, body = 5 , output = 5
End generation Phase input = 0, body = 5 , output = 5
Avance Phase Prima input = 0, body = 5 , output = 5
<<< RESOURCE_REQUEST <<<
0 <<< RESOURCE_NO_DEMAND <<< C0 = 5 
<<< RESOURCE_SEND = 0 <<< N0=3 
End Avance Phase Prima input = 0, body = 5 , output = 5
Consume DT input = 0, body = 5 , output = 5
End consume DT input = 0, body = 5 , output = 5
Ping Report input = 0, body = 5 , output = 5
End ping report input = 0, body = 5 , output = 5
Generation Phase input = 0, body = 5 , output = 5
End generation Phase input = 0, body = 5 , output = 5
Avance Phase input = 0, body = 5 , output = 5
<<< RESOURCE_REQUEST <<<
0 <<< RESOURCE_NO_DEMAND <<< C0 = 5 
<<< RESOURCE_SEND = 0 <<< N0=3 
End Avance Phase input = 0, body = 5 , output = 5
Generation Phase input = 0, body = 5 , output = 5
End generation Phase input = 0, body = 5 , output = 5
Avance Phase Prima input = 0, body = 5 , output = 5
<<< RESOURCE_REQUEST <<<
0 <<< RESOURCE_NO_DEMAND <<< C0 = 5 
<<< RESOURCE_SEND = 0 <<< N0=3 
End Avance Phase Prima input = 0, body = 5 , output = 5
Consume DT input = 0, body = 5 , output = 5
End consume DT input = 0, body = 5 , output = 5
Ping Report input = 0, body = 5 , output = 5
End ping report input = 0, body = 5 , output = 5
Generation Phase input = 0, body = 5 , output = 5
End generation Phase input = 0, body = 5 , output = 5
Avance Phase input = 0, body = 5 , output = 5
<<< RESOURCE_REQUEST <<<
0 <<< RESOURCE_NO_DEMAND <<< C0 = 5 
<<< RESOURCE_SEND = 0 <<< N0=3 
End Avance Phase input = 0, body = 5 , output = 5
Generation Phase input = 0, body = 5 , output = 5
End generation Phase input = 0, body = 5 , output = 5
Avance Phase Prima input = 0, body = 5 , output = 5
<<< RESOURCE_REQUEST <<<
0 <<< RESOURCE_NO_DEMAND <<< C0 = 5 
<<< RESOURCE_SEND = 0 <<< N0=3 
End Avance Phase Prima input = 0, body = 5 , output = 5
Consume DT input = 0, body = 5 , output = 5
End consume DT input = 0, body = 5 , output = 5
Ping Report input = 0, body = 5 , output = 5
End ping report input = 0, body = 5 , output = 5
Generation Phase input = 0, body = 5 , output = 5
End generation Phase input = 0, body = 5 , output = 5
Avance Phase input = 0, body = 5 , output = 5
<<< RESOURCE_REQUEST <<<
0 <<< RESOURCE_NO_DEMAND <<< C0 = 5 
<<< RESOURCE_SEND = 0 <<< N0=3 
End Avance Phase input = 0, body = 5 , output = 5
Generation Phase input = 0, body = 5 , output = 5
End generation Phase input = 0, body = 5 , output = 5
Avance Phase Prima input = 0, body = 5 , output = 5
<<< RESOURCE_REQUEST <<<
0 <<< RESOURCE_NO_DEMAND <<< C0 = 5 
<<< RESOURCE_SEND = 0 <<< N0=3 
End Avance Phase Prima input = 0, body = 5 , output = 5
Consume DT input = 0, body = 5 , output = 5
End consume DT input = 0, body = 5 , output = 5
Ping Report input = 0, body = 5 , output = 5
End ping report input = 0, body = 5 , output = 5
Generation Phase input = 0, body = 5 , output = 5
End generation Phase input = 0, body = 5 , output = 5
Avance Phase input = 0, body = 5 , output = 5
<<< RESOURCE_REQUEST <<<
0 <<< RESOURCE_NO_DEMAND <<< C0 = 5 
<<< RESOURCE_SEND = 0 <<< N0=3 
End Avance Phase input = 0, body = 5 , output = 5
Generation Phase input = 0, body = 5 , output = 5
End generation Phase input = 0, body = 5 , output = 5
Avance Phase Prima input = 0, body = 5 , output = 5
<<< RESOURCE_REQUEST <<<
0 <<< RESOURCE_NO_DEMAND <<< C0 = 5 
<<< RESOURCE_SEND = 0 <<< N0=3 
End Avance Phase Prima input = 0, body = 5 , output = 5
Consume DT input = 0, body = 5 , output = 5
End consume DT input = 0, body = 5 , output = 5
Ping Report input = 0, body = 5 , output = 5
End ping report input = 0, body = 5 , output = 5
Generation Phase input = 0, body = 5 , output = 5
End generation Phase input = 0, body = 5 , output = 5
Avance Phase input = 0, body = 5 , output = 5
<<< RESOURCE_REQUEST <<<
0 <<< RESOURCE_NO_DEMAND <<< C0 = 5 
<<< RESOURCE_SEND = 0 <<< N0=3 
End Avance Phase input = 0, body = 5 , output = 5
Generation Phase input = 0, body = 5 , output = 5
End generation Phase input = 0, body = 5 , output = 5
Avance Phase Prima input = 0, body = 5 , output = 5
<<< RESOURCE_REQUEST <<<
0 <<< RESOURCE_NO_DEMAND <<< C0 = 5 
<<< RESOURCE_SEND = 0 <<< N0=3 
End Avance Phase Prima input = 0, body = 5 , output = 5
Consume DT input = 0, body = 5 , output = 5
End consume DT input = 0, body = 5 , output = 5
Ping Report input = 0, body = 5 , output = 5
End ping report input = 0, body = 5 , output = 5
Generation Phase input = 0, body = 5 , output = 5
End generation Phase input = 0, body = 5 , output = 5
Avance Phase input = 0, body = 5 , output = 5
<<< RESOURCE_REQUEST <<<
0 <<< RESOURCE_NO_DEMAND <<< C0 = 5 
<<< RESOURCE_SEND = 0 <<< N0=3 
End Avance Phase input = 0, body = 5 , output = 5
Generation Phase input = 0, body = 5 , output = 5
End generation Phase input = 0, body = 5 , output = 5
Avance Phase Prima input = 0, body = 5 , output = 5
<<< RESOURCE_REQUEST <<<
0 <<< RESOURCE_NO_DEMAND <<< C0 = 5 
<<< RESOURCE_SEND = 0 <<< N0=3 
End Avance Phase Prima input = 0, body = 5 , output = 5
Consume DT input = 0, body = 5 , output = 5
End consume DT input = 0, body = 5 , output = 5
Ping Report input = 0, body = 5 , output = 5
End ping report input = 0, body = 5 , output = 5
Generation Phase input = 0, body = 5 , output = 5
End generation Phase input = 0, body = 5 , output = 5
Avance Phase input = 0, body = 5 , output = 5
<<< RESOURCE_REQUEST <<<
0 <<< RESOURCE_NO_DEMAND <<< C0 = 5 
<<< RESOURCE_SEND = 0 <<< N0=3 
End Avance Phase input = 0, body = 5 , output = 5
Generation Phase input = 0, body = 5 , output = 5
End generation Phase input = 0, body = 5 , output = 5
Avance Phase Prima input = 0, body = 5 , output = 5
<<< RESOURCE_REQUEST <<<
0 <<< RESOURCE_NO_DEMAND <<< C0 = 5 
<<< RESOURCE_SEND = 0 <<< N0=3 
End Avance Phase Prima input = 0, body = 5 , output = 5
Consume DT input = 0, body = 5 , output = 5
End consume DT input = 0, body = 5 , output = 5
Ping Report input = 0, body = 5 , output = 5
End ping report input = 0, body = 5 , output = 5
Generation Phase input = 0, body = 5 , output = 5
End generation Phase input = 0, body = 5 , output = 5
Avance Phase input = 0, body = 5 , output = 5
<<< RESOURCE_REQUEST <<<
0 <<< RESOURCE_NO_DEMAND <<< C0 = 5 
<<< RESOURCE_SEND = 0 <<< N0=3 
End Avance Phase input = 0, body = 5 , output = 5
Generation Phase input = 0, body = 5 , output = 5
End generation Phase input = 0, body = 5 , output = 5
Avance Phase Prima input = 0, body = 5 , output = 5
<<< RESOURCE_REQUEST <<<
0 <<< RESOURCE_NO_DEMAND <<< C0 = 5 
<<< RESOURCE_SEND = 0 <<< N0=3 
End Avance Phase Prima input = 0, body = 5 , output = 5
Consume DT input = 0, body = 5 , output = 5
End consume DT input = 0, body = 5 , output = 5
Ping Report input = 0, body = 5 , output = 5
End ping report input = 0, body = 5 , output = 5
Generation Phase input = 0, body = 5 , output = 5
End generation Phase input = 0, body = 5 , output = 5
Avance Phase input = 0, body = 5 , output = 5
<<< RESOURCE_REQUEST <<<
0 <<< RESOURCE_NO_DEMAND <<< C0 = 5 
<<< RESOURCE_SEND = 0 <<< N0=3 
End Avance Phase input = 0, body = 5 , output = 5
Generation Phase input = 0, body = 5 , output = 5
End generation Phase input = 0, body = 5 , output = 5
Avance Phase Prima input = 0, body = 5 , output = 5
<<< RESOURCE_REQUEST <<<
0 <<< RESOURCE_NO_DEMAND <<< C0 = 5 
<<< RESOURCE_SEND = 0 <<< N0=3 
End Avance Phase Prima input = 0, body = 5 , output = 5
Consume DT input = 0, body = 5 , output = 5
End consume DT input = 0, body = 5 , output = 5
Ping Report input = 0, body = 5 , output = 5
End ping report input = 0, body = 5 , output = 5
Generation Phase input = 0, body = 5 , output = 5
End generation Phase input = 0, body = 5 , output = 5
Avance Phase input = 0, body = 5 , output = 5
<<< RESOURCE_REQUEST <<<
0 <<< RESOURCE_NO_DEMAND <<< C0 = 5 
<<< RESOURCE_SEND = 0 <<< N0=3 
End Avance Phase input = 0, body = 5 , output = 5
Generation Phase input = 0, body = 5 , output = 5
End generation Phase input = 0, body = 5 , output = 5
Avance Phase Prima input = 0, body = 5 , output = 5
<<< RESOURCE_REQUEST <<<
0 <<< RESOURCE_NO_DEMAND <<< C0 = 5 
<<< RESOURCE_SEND = 0 <<< N0=3 
End Avance Phase Prima input = 0, body = 5 , output = 5
Consume DT input = 0, body = 5 , output = 5
End consume DT input = 0, body = 5 , output = 5
Ping Report input = 0, body = 5 , output = 5
End ping report input = 0, body = 5 , output = 5
Generation Phase input = 0, body = 5 , output = 5
End generation Phase input = 0, body = 5 , output = 5
Avance Phase input = 0, body = 5 , output = 5
<<< RESOURCE_REQUEST <<<
0 <<< RESOURCE_NO_DEMAND <<< C0 = 5 
<<< RESOURCE_SEND = 0 <<< N0=3 
End Avance Phase input = 0, body = 5 , output = 5
Generation Phase input = 0, body = 5 , output = 5
End generation Phase input = 0, body = 5 , output = 5
Avance Phase Prima input = 0, body = 5 , output = 5
<<< RESOURCE_REQUEST <<<
0 <<< RESOURCE_NO_DEMAND <<< C0 = 5 
<<< RESOURCE_SEND = 0 <<< N0=3 
End Avance Phase Prima input = 0, body = 5 , output = 5
Consume DT input = 0, body = 5 , output = 5
End consume DT input = 0, body = 5 , output = 5
Ping Report input = 0, body = 5 , output = 5
End ping report input = 0, body = 5 , output = 5
Generation Phase input = 0, body = 5 , output = 5
End generation Phase input = 0, body = 5 , output = 5
Avance Phase input = 0, body = 5 , output = 5
<<< RESOURCE_REQUEST <<<
0 <<< RESOURCE_NO_DEMAND <<< C0 = 5 
<<< RESOURCE_SEND = 0 <<< N0=3 
End Avance Phase input = 0, body = 5 , output = 5
Generation Phase input = 0, body = 5 , output = 5
End generation Phase input = 0, body = 5 , output = 5
Avance Phase Prima input = 0, body = 5 , output = 5
<<< RESOURCE_REQUEST <<<
0 <<< RESOURCE_NO_DEMAND <<< C0 = 5 
<<< RESOURCE_SEND = 0 <<< N0=3 
End Avance Phase Prima input = 0, body = 5 , output = 5
Consume DT input = 0, body = 5 , output = 5
End consume DT input = 0, body = 5 , output = 5
Ping Report input = 0, body = 5 , output = 5
End ping report input = 0, body = 5 , output = 5
Generation Phase input = 0, body = 5 , output = 5
End generation Phase input = 0, body = 5 , output = 5
Avance Phase input = 0, body = 5 , output = 5
<<< RESOURCE_REQUEST <<<
0 <<< RESOURCE_NO_DEMAND <<< C0 = 5 
<<< RESOURCE_SEND = 0 <<< N0=3 
End Avance Phase input = 0, body = 5 , output = 5
Generation Phase input = 0, body = 5 , output = 5
End generation Phase input = 0, body = 5 , output = 5
Avance Phase Prima input = 0, body = 5 , output = 5
<<< RESOURCE_REQUEST <<<
0 <<< RESOURCE_NO_DEMAND <<< C0 = 5 
<<< RESOURCE_SEND = 0 <<< N0=3 
End Avance Phase Prima input = 0, body = 5 , output = 5
Consume DT input = 0, body = 5 , output = 5
End consume DT input = 0, body = 5 , output = 5
Ping Report input = 0, body = 5 , output = 5
End ping report input = 0, body = 5 , output = 5
Generation Phase input = 0, body = 5 , output = 5
End generation Phase input = 0, body = 5 , output = 5
Avance Phase input = 0, body = 5 , output = 5
<<< RESOURCE_REQUEST <<<
0 <<< RESOURCE_NO_DEMAND <<< C0 = 5 
<<< RESOURCE_SEND = 0 <<< N0=3 
End Avance Phase input = 0, body = 5 , output = 5
Generation Phase input = 0, body = 5 , output = 5
End generation Phase input = 0, body = 5 , output = 5
Avance Phase Prima input = 0, body = 5 , output = 5
<<< RESOURCE_REQUEST <<<
0 <<< RESOURCE_NO_DEMAND <<< C0 = 5 
<<< RESOURCE_SEND = 1 <<< N0=3 
End Avance Phase Prima input = 1, body = 5 , output = 5
Generation Phase input = 1, body = 5 , output = 5
End generation Phase input = 0, body = 6 , output = 6
Avance Phase Prima input = 0, body = 6 , output = 6
<<< RESOURCE_REQUEST <<<
0 <<< RESOURCE_NO_DEMAND <<< C0 = 5 
<<< RESOURCE_SEND = 0 <<< N0=3 
End Avance Phase Prima input = 0, body = 6 , output = 6
Consume DT input = 0, body = 6 , output = 6
End consume DT input = 0, body = 6 , output = 6
Ping Report input = 0, body = 6 , output = 6
End ping report input = 0, body = 6 , output = 6
Generation Phase input = 0, body = 6 , output = 6
End generation Phase input = 0, body = 6 , output = 6
Avance Phase input = 0, body = 6 , output = 6
<<< RESOURCE_REQUEST <<<
0 <<< RESOURCE_NO_DEMAND <<< C0 = 5 
<<< RESOURCE_SEND = 0 <<< N0=3 
End Avance Phase input = 0, body = 6 , output = 6
Generation Phase input = 0, body = 6 , output = 6
End generation Phase input = 0, body = 6 , output = 6
Avance Phase Prima input = 0, body = 6 , output = 6
<<< RESOURCE_REQUEST <<<
0 <<< RESOURCE_NO_DEMAND <<< C0 = 5 
<<< RESOURCE_SEND = 0 <<< N0=3 
End Avance Phase Prima input = 0, body = 6 , output = 6
Consume DT input = 0, body = 6 , output = 6
End consume DT input = 0, body = 6 , output = 6
Ping Report input = 0, body = 6 , output = 6
End ping report input = 0, body = 6 , output = 6
Generation Phase input = 0, body = 6 , output = 6
End generation Phase input = 0, body = 6 , output = 6
Avance Phase input = 0, body = 6 , output = 6
<<< RESOURCE_REQUEST <<<
0 <<< RESOURCE_NO_DEMAND <<< C0 = 5 
<<< RESOURCE_SEND = 0 <<< N0=3 
End Avance Phase input = 0, body = 6 , output = 6
Generation Phase input = 0, body = 6 , output = 6
End generation Phase input = 0, body = 6 , output = 6
Avance Phase Prima input = 0, body = 6 , output = 6
<<< RESOURCE_REQUEST <<<
0 <<< RESOURCE_NO_DEMAND <<< C0 = 5 
<<< RESOURCE_SEND = 1 <<< N0=3 
End Avance Phase Prima input = 1, body = 6 , output = 6
Generation Phase input = 1, body = 6 , output = 6
End generation Phase input = 0, body = 7 , output = 7
Avance Phase Prima input = 0, body = 7 , output = 7
<<< RESOURCE_REQUEST <<<
0 <<< RESOURCE_NO_DEMAND <<< C0 = 5 
<<< RESOURCE_SEND = 0 <<< N0=3 
End Avance Phase Prima input = 0, body = 7 , output = 7
Consume DT input = 0, body = 7 , output = 7
End consume DT input = 0, body = 7 , output = 7
Ping Report input = 0, body = 7 , output = 7
End ping report input = 0, body = 7 , output = 7
Generation Phase input = 0, body = 7 , output = 7
End generation Phase input = 0, body = 7 , output = 7
Avance Phase input = 0, body = 7 , output = 7
<<< RESOURCE_REQUEST <<<
0 <<< RESOURCE_NO_DEMAND <<< C0 = 5 
<<< RESOURCE_SEND = 0 <<< N0=3 
End Avance Phase input = 0, body = 7 , output = 7
Generation Phase input = 0, body = 7 , output = 7
End generation Phase input = 0, body = 7 , output = 7
Avance Phase Prima input = 0, body = 7 , output = 7
<<< RESOURCE_REQUEST <<<
0 <<< RESOURCE_NO_DEMAND <<< C0 = 5 
<<< RESOURCE_SEND = 0 <<< N0=3 
End Avance Phase Prima input = 0, body = 7 , output = 7
Consume DT input = 0, body = 7 , output = 7
End consume DT input = 0, body = 7 , output = 7
Ping Report input = 0, body = 7 , output = 7
End ping report input = 0, body = 7 , output = 7
Generation Phase input = 0, body = 7 , output = 7
End generation Phase input = 0, body = 7 , output = 7
Avance Phase input = 0, body = 7 , output = 7
<<< RESOURCE_REQUEST <<<
0 <<< RESOURCE_NO_DEMAND <<< C0 = 5 
<<< RESOURCE_SEND = 0 <<< N0=3 
End Avance Phase input = 0, body = 7 , output = 7
Generation Phase input = 0, body = 7 , output = 7
End generation Phase input = 0, body = 7 , output = 7
Avance Phase Prima input = 0, body = 7 , output = 7
<<< RESOURCE_REQUEST <<<
0 <<< RESOURCE_NO_DEMAND <<< C0 = 5 
<<< RESOURCE_SEND = 0 <<< N0=3 
End Avance Phase Prima input = 0, body = 7 , output = 7
Consume DT input = 0, body = 7 , output = 7
End consume DT input = 0, body = 7 , output = 7
Ping Report input = 0, body = 7 , output = 7
End ping report input = 0, body = 7 , output = 7
Generation Phase input = 0, body = 7 , output = 7
End generation Phase input = 0, body = 7 , output = 7
Avance Phase input = 0, body = 7 , output = 7
<<< RESOURCE_REQUEST <<<
0 <<< RESOURCE_NO_DEMAND <<< C0 = 5 
<<< RESOURCE_SEND = 0 <<< N0=3 
End Avance Phase input = 0, body = 7 , output = 7
Generation Phase input = 0, body = 7 , output = 7
End generation Phase input = 0, body = 7 , output = 7
Avance Phase Prima input = 0, body = 7 , output = 7
<<< RESOURCE_REQUEST <<<
0 <<< RESOURCE_NO_DEMAND <<< C0 = 5 
<<< RESOURCE_SEND = 0 <<< N0=3 
End Avance Phase Prima input = 0, body = 7 , output = 7
Consume DT input = 0, body = 7 , output = 7
End consume DT input = 0, body = 7 , output = 7
Ping Report input = 0, body = 7 , output = 7
End ping report input = 0, body = 7 , output = 7
Generation Phase input = 0, body = 7 , output = 7
End generation Phase input = 0, body = 7 , output = 7
Avance Phase input = 0, body = 7 , output = 7
<<< RESOURCE_REQUEST <<<
0 <<< RESOURCE_NO_DEMAND <<< C0 = 5 
<<< RESOURCE_SEND = 0 <<< N0=3 
End Avance Phase input = 0, body = 7 , output = 7
Generation Phase input = 0, body = 7 , output = 7
End generation Phase input = 0, body = 7 , output = 7
Avance Phase Prima input = 0, body = 7 , output = 7
<<< RESOURCE_REQUEST <<<
0 <<< RESOURCE_NO_DEMAND <<< C0 = 5 
<<< RESOURCE_SEND = 1 <<< N0=3 
End Avance Phase Prima input = 1, body = 7 , output = 7
Generation Phase input = 1, body = 7 , output = 7
End generation Phase input = 0, body = 8 , output = 8
Avance Phase Prima input = 0, body = 8 , output = 8
<<< RESOURCE_REQUEST <<<
0 <<< RESOURCE_NO_DEMAND <<< C0 = 5 
<<< RESOURCE_SEND = 0 <<< N0=3 
End Avance Phase Prima input = 0, body = 8 , output = 8
Consume DT input = 0, body = 8 , output = 8
End consume DT input = 0, body = 8 , output = 8
Ping Report input = 0, body = 8 , output = 8
End ping report input = 0, body = 8 , output = 8
-- LIVE_LOCK --
-- Sending final report --
--Finish Sending final report --
