-- Inicio --
Generation Phase/Generation Phase Prima, input = 0, body = 0 , output = 0
End Generation Phase/Generation Phase Prima, input = 0, body = 0 , output = 0
Avance Phase input = 0, body = 0 , output = 0
>>> RESOURCE_REQUEST >>>
<<< Q0 = 5 <<< RESOURCE_RESPONSE ( 0 )<<< 
0 >>> RESOURCE_NO_DEMAND >>> Q0 = 5 
>>> RESOURCE_SEND = 0 >>> N0=7 
>>> RESOURCE_SEND = 0 >>> N1=8 
End Avance Phase input = 0, body = 0 , output = 0
Generation Phase/Generation Phase Prima, input = 0, body = 0 , output = 0
End Generation Phase/Generation Phase Prima, input = 0, body = 0 , output = 0
Avance Phase Prima input = 0, body = 0 , output = 0
>>> RESOURCE_REQUEST >>>
<<< Q0 = 5 <<< RESOURCE_RESPONSE ( 0 )<<< 
0 >>> RESOURCE_NO_DEMAND >>> Q0 = 5 
>>> RESOURCE_SEND = 0 >>> N0=7 
>>> RESOURCE_SEND = 0 >>> N1=8 
>>> TERMINATED NODE >>>
End Avance Phase Prima input = 0, body = 0 , output = 0
CONSUME_DT, input = 0, body = 0 , output = 0
END CONSUME_DT, input = 0, body = 0 , output = 0
PING_REPORT, input = 0, body = 0 , output = 0
END PING_REPORT, input = 0, body = 0 , output = 0
Generation Phase/Generation Phase Prima, input = 0, body = 0 , output = 0
End Generation Phase/Generation Phase Prima, input = 0, body = 0 , output = 0
Avance Phase input = 0, body = 0 , output = 0
>>> RESOURCE_REQUEST >>>
<<< Q0 = 5 <<< RESOURCE_RESPONSE ( 0 )<<< 
0 >>> RESOURCE_NO_DEMAND >>> Q0 = 5 
>>> RESOURCE_SEND = 0 >>> N0=7 
>>> RESOURCE_SEND = 0 >>> N1=8 
End Avance Phase input = 0, body = 0 , output = 0
Generation Phase/Generation Phase Prima, input = 0, body = 0 , output = 0
End Generation Phase/Generation Phase Prima, input = 0, body = 0 , output = 0
Avance Phase Prima input = 0, body = 0 , output = 0
>>> RESOURCE_REQUEST >>>
<<< Q0 = 5 <<< RESOURCE_RESPONSE ( 0 )<<< 
0 >>> RESOURCE_NO_DEMAND >>> Q0 = 5 
>>> RESOURCE_SEND = 0 >>> N0=7 
>>> RESOURCE_SEND = 0 >>> N1=8 
>>> TERMINATED NODE >>>
End Avance Phase Prima input = 0, body = 0 , output = 0
CONSUME_DT, input = 0, body = 0 , output = 0
END CONSUME_DT, input = 0, body = 0 , output = 0
PING_REPORT, input = 0, body = 0 , output = 0
END PING_REPORT, input = 0, body = 0 , output = 0
Generation Phase/Generation Phase Prima, input = 0, body = 0 , output = 0
End Generation Phase/Generation Phase Prima, input = 0, body = 0 , output = 0
Avance Phase input = 0, body = 0 , output = 0
>>> RESOURCE_REQUEST >>>
<<< Q0 = 5 <<< RESOURCE_RESPONSE ( 0 )<<< 
0 >>> RESOURCE_NO_DEMAND >>> Q0 = 5 
>>> RESOURCE_SEND = 0 >>> N0=7 
>>> RESOURCE_SEND = 0 >>> N1=8 
End Avance Phase input = 0, body = 0 , output = 0
Generation Phase/Generation Phase Prima, input = 0, body = 0 , output = 0
End Generation Phase/Generation Phase Prima, input = 0, body = 0 , output = 0
Avance Phase Prima input = 0, body = 0 , output = 0
>>> RESOURCE_REQUEST >>>
<<< Q0 = 5 <<< RESOURCE_RESPONSE ( 0 )<<< 
0 >>> RESOURCE_NO_DEMAND >>> Q0 = 5 
>>> RESOURCE_SEND = 0 >>> N0=7 
>>> RESOURCE_SEND = 0 >>> N1=8 
>>> TERMINATED NODE >>>
End Avance Phase Prima input = 0, body = 0 , output = 0
CONSUME_DT, input = 0, body = 0 , output = 0
END CONSUME_DT, input = 0, body = 0 , output = 0
PING_REPORT, input = 0, body = 0 , output = 0
END PING_REPORT, input = 0, body = 0 , output = 0
Generation Phase/Generation Phase Prima, input = 0, body = 0 , output = 0
End Generation Phase/Generation Phase Prima, input = 0, body = 0 , output = 0
Avance Phase input = 0, body = 0 , output = 0
>>> RESOURCE_REQUEST >>>
<<< Q0 = 5 <<< RESOURCE_RESPONSE ( 0 )<<< 
0 >>> RESOURCE_NO_DEMAND >>> Q0 = 5 
>>> RESOURCE_SEND = 0 >>> N0=7 
>>> RESOURCE_SEND = 0 >>> N1=8 
End Avance Phase input = 0, body = 0 , output = 0
Generation Phase/Generation Phase Prima, input = 0, body = 0 , output = 0
End Generation Phase/Generation Phase Prima, input = 0, body = 0 , output = 0
Avance Phase Prima input = 0, body = 0 , output = 0
>>> RESOURCE_REQUEST >>>
<<< Q0 = 5 <<< RESOURCE_RESPONSE ( 0 )<<< 
0 >>> RESOURCE_NO_DEMAND >>> Q0 = 5 
>>> RESOURCE_SEND = 0 >>> N0=7 
>>> RESOURCE_SEND = 0 >>> N1=8 
>>> TERMINATED NODE >>>
End Avance Phase Prima input = 0, body = 0 , output = 0
Generation Phase/Generation Phase Prima, input = 0, body = 0 , output = 0
End Generation Phase/Generation Phase Prima, input = 0, body = 0 , output = 0
Avance Phase Prima input = 0, body = 0 , output = 0
>>> RESOURCE_REQUEST >>>
<<< Q0 = 5 <<< RESOURCE_RESPONSE ( 0 )<<< 
0 >>> RESOURCE_NO_DEMAND >>> Q0 = 5 
>>> RESOURCE_SEND = 0 >>> N0=7 
>>> RESOURCE_SEND = 0 >>> N1=8 
>>> TERMINATED NODE >>>
End Avance Phase Prima input = 0, body = 0 , output = 0
CONSUME_DT, input = 0, body = 0 , output = 0
END CONSUME_DT, input = 0, body = 0 , output = 0
PING_REPORT, input = 0, body = 0 , output = 0
END PING_REPORT, input = 0, body = 0 , output = 0
Generation Phase/Generation Phase Prima, input = 0, body = 0 , output = 0
End Generation Phase/Generation Phase Prima, input = 0, body = 0 , output = 0
Avance Phase input = 0, body = 0 , output = 0
>>> RESOURCE_REQUEST >>>
<<< Q0 = 5 <<< RESOURCE_RESPONSE ( 0 )<<< 
0 >>> RESOURCE_NO_DEMAND >>> Q0 = 5 
>>> RESOURCE_SEND = 0 >>> N0=7 
>>> RESOURCE_SEND = 0 >>> N1=8 
End Avance Phase input = 0, body = 0 , output = 0
Generation Phase/Generation Phase Prima, input = 0, body = 0 , output = 0
End Generation Phase/Generation Phase Prima, input = 0, body = 0 , output = 0
Avance Phase Prima input = 0, body = 0 , output = 0
>>> RESOURCE_REQUEST >>>
<<< Q0 = 5 <<< RESOURCE_RESPONSE ( 0 )<<< 
0 >>> RESOURCE_NO_DEMAND >>> Q0 = 5 
>>> RESOURCE_SEND = 0 >>> N0=7 
>>> RESOURCE_SEND = 0 >>> N1=8 
>>> TERMINATED NODE >>>
End Avance Phase Prima input = 0, body = 0 , output = 0
CONSUME_DT, input = 0, body = 0 , output = 0
END CONSUME_DT, input = 0, body = 0 , output = 0
PING_REPORT, input = 0, body = 0 , output = 0
END PING_REPORT, input = 0, body = 0 , output = 0
Generation Phase/Generation Phase Prima, input = 0, body = 0 , output = 0
End Generation Phase/Generation Phase Prima, input = 0, body = 0 , output = 0
Avance Phase input = 0, body = 0 , output = 0
>>> RESOURCE_REQUEST >>>
<<< Q0 = 5 <<< RESOURCE_RESPONSE ( 0 )<<< 
0 >>> RESOURCE_NO_DEMAND >>> Q0 = 5 
>>> RESOURCE_SEND = 0 >>> N0=7 
>>> RESOURCE_SEND = 0 >>> N1=8 
End Avance Phase input = 0, body = 0 , output = 0
Generation Phase/Generation Phase Prima, input = 0, body = 0 , output = 0
End Generation Phase/Generation Phase Prima, input = 0, body = 0 , output = 0
Avance Phase Prima input = 0, body = 0 , output = 0
>>> RESOURCE_REQUEST >>>
<<< Q0 = 5 <<< RESOURCE_RESPONSE ( 0 )<<< 
0 >>> RESOURCE_NO_DEMAND >>> Q0 = 5 
>>> RESOURCE_SEND = 0 >>> N0=7 
>>> RESOURCE_SEND = 0 >>> N1=8 
>>> TERMINATED NODE >>>
End Avance Phase Prima input = 0, body = 0 , output = 0
CONSUME_DT, input = 0, body = 0 , output = 0
END CONSUME_DT, input = 0, body = 0 , output = 0
PING_REPORT, input = 0, body = 0 , output = 0
END PING_REPORT, input = 0, body = 0 , output = 0
Generation Phase/Generation Phase Prima, input = 0, body = 0 , output = 0
End Generation Phase/Generation Phase Prima, input = 0, body = 0 , output = 0
Avance Phase input = 0, body = 0 , output = 0
>>> RESOURCE_REQUEST >>>
<<< Q0 = 5 <<< RESOURCE_RESPONSE ( 0 )<<< 
0 >>> RESOURCE_NO_DEMAND >>> Q0 = 5 
>>> RESOURCE_SEND = 0 >>> N0=7 
>>> RESOURCE_SEND = 0 >>> N1=8 
End Avance Phase input = 0, body = 0 , output = 0
Generation Phase/Generation Phase Prima, input = 0, body = 0 , output = 0
End Generation Phase/Generation Phase Prima, input = 0, body = 0 , output = 0
Avance Phase Prima input = 0, body = 0 , output = 0
>>> RESOURCE_REQUEST >>>
<<< Q0 = 5 <<< RESOURCE_RESPONSE ( 0 )<<< 
0 >>> RESOURCE_NO_DEMAND >>> Q0 = 5 
>>> RESOURCE_SEND = 0 >>> N0=7 
>>> RESOURCE_SEND = 0 >>> N1=8 
>>> TERMINATED NODE >>>
End Avance Phase Prima input = 0, body = 0 , output = 0
CONSUME_DT, input = 0, body = 0 , output = 0
END CONSUME_DT, input = 0, body = 0 , output = 0
PING_REPORT, input = 0, body = 0 , output = 0
END PING_REPORT, input = 0, body = 0 , output = 0
Generation Phase/Generation Phase Prima, input = 0, body = 0 , output = 0
End Generation Phase/Generation Phase Prima, input = 0, body = 0 , output = 0
Avance Phase input = 0, body = 0 , output = 0
>>> RESOURCE_REQUEST >>>
<<< Q0 = 5 <<< RESOURCE_RESPONSE ( 0 )<<< 
0 >>> RESOURCE_NO_DEMAND >>> Q0 = 5 
>>> RESOURCE_SEND = 0 >>> N0=7 
>>> RESOURCE_SEND = 0 >>> N1=8 
End Avance Phase input = 0, body = 0 , output = 0
Generation Phase/Generation Phase Prima, input = 0, body = 0 , output = 0
End Generation Phase/Generation Phase Prima, input = 0, body = 0 , output = 0
Avance Phase Prima input = 0, body = 0 , output = 0
>>> RESOURCE_REQUEST >>>
<<< Q0 = 5 <<< RESOURCE_RESPONSE ( 0 )<<< 
0 >>> RESOURCE_NO_DEMAND >>> Q0 = 5 
>>> RESOURCE_SEND = 0 >>> N0=7 
>>> RESOURCE_SEND = 0 >>> N1=8 
>>> TERMINATED NODE >>>
End Avance Phase Prima input = 0, body = 0 , output = 0
CONSUME_DT, input = 0, body = 0 , output = 0
END CONSUME_DT, input = 0, body = 0 , output = 0
PING_REPORT, input = 0, body = 0 , output = 0
END PING_REPORT, input = 0, body = 0 , output = 0
Generation Phase/Generation Phase Prima, input = 0, body = 0 , output = 0
End Generation Phase/Generation Phase Prima, input = 0, body = 0 , output = 0
Avance Phase input = 0, body = 0 , output = 0
>>> RESOURCE_REQUEST >>>
<<< Q0 = 5 <<< RESOURCE_RESPONSE ( 0 )<<< 
0 >>> RESOURCE_NO_DEMAND >>> Q0 = 5 
>>> RESOURCE_SEND = 0 >>> N0=7 
>>> RESOURCE_SEND = 0 >>> N1=8 
End Avance Phase input = 0, body = 0 , output = 0
Generation Phase/Generation Phase Prima, input = 0, body = 0 , output = 0
End Generation Phase/Generation Phase Prima, input = 0, body = 0 , output = 0
Avance Phase Prima input = 0, body = 0 , output = 0
>>> RESOURCE_REQUEST >>>
<<< Q0 = 5 <<< RESOURCE_RESPONSE ( 0 )<<< 
0 >>> RESOURCE_NO_DEMAND >>> Q0 = 5 
>>> RESOURCE_SEND = 0 >>> N0=7 
>>> RESOURCE_SEND = 0 >>> N1=8 
>>> TERMINATED NODE >>>
End Avance Phase Prima input = 0, body = 0 , output = 0
CONSUME_DT, input = 0, body = 0 , output = 0
END CONSUME_DT, input = 0, body = 0 , output = 0
PING_REPORT, input = 0, body = 0 , output = 0
END PING_REPORT, input = 0, body = 0 , output = 0
Generation Phase/Generation Phase Prima, input = 0, body = 0 , output = 0
End Generation Phase/Generation Phase Prima, input = 0, body = 0 , output = 0
Avance Phase input = 0, body = 0 , output = 0
>>> RESOURCE_REQUEST >>>
<<< Q0 = 5 <<< RESOURCE_RESPONSE ( 0 )<<< 
0 >>> RESOURCE_NO_DEMAND >>> Q0 = 5 
>>> RESOURCE_SEND = 0 >>> N0=7 
>>> RESOURCE_SEND = 0 >>> N1=8 
End Avance Phase input = 0, body = 0 , output = 0
Generation Phase/Generation Phase Prima, input = 0, body = 0 , output = 0
End Generation Phase/Generation Phase Prima, input = 0, body = 0 , output = 0
Avance Phase Prima input = 0, body = 0 , output = 0
>>> RESOURCE_REQUEST >>>
<<< Q0 = 5 <<< RESOURCE_RESPONSE ( 1 )<<< 
0 >>> RESOURCE_DEMAND >>> Q0 = 5 
<<< TRANSACTION_BEGIN <<<
>>> TRANSACTION_COMMIT >>>
>>> RESOURCE_REQUEST >>>
<<< Q0 = 5 <<< RESOURCE_RESPONSE ( 0 )<<< 
0 >>> RESOURCE_NO_DEMAND >>> Q0 = 5 
>>> RESOURCE_SEND = 0 >>> N0=7 
>>> RESOURCE_SEND = 0 >>> N1=8 
>>> NOT TERMINATED NODE >>>
End Avance Phase Prima input = 1, body = 0 , output = 0
Generation Phase/Generation Phase Prima, input = 1, body = 0 , output = 0
End Generation Phase/Generation Phase Prima, input = 0, body = 1 , output = 0
Avance Phase Prima input = 0, body = 1 , output = 0
>>> RESOURCE_REQUEST >>>
<<< Q0 = 5 <<< RESOURCE_RESPONSE ( 0 )<<< 
0 >>> RESOURCE_NO_DEMAND >>> Q0 = 5 
>>> RESOURCE_SEND = 0 >>> N0=7 
>>> RESOURCE_SEND = 0 >>> N1=8 
>>> TERMINATED NODE >>>
End Avance Phase Prima input = 0, body = 1 , output = 0
CONSUME_DT, input = 0, body = 1 , output = 0
END CONSUME_DT, input = 0, body = 1 , output = 0
PING_REPORT, input = 0, body = 1 , output = 0
END PING_REPORT, input = 0, body = 1 , output = 0
Generation Phase/Generation Phase Prima, input = 0, body = 1 , output = 0
End Generation Phase/Generation Phase Prima, input = 0, body = 1 , output = 0
Avance Phase input = 0, body = 1 , output = 0
>>> RESOURCE_REQUEST >>>
<<< Q0 = 5 <<< RESOURCE_RESPONSE ( 0 )<<< 
0 >>> RESOURCE_NO_DEMAND >>> Q0 = 5 
>>> RESOURCE_SEND = 0 >>> N0=7 
>>> RESOURCE_SEND = 0 >>> N1=8 
End Avance Phase input = 0, body = 1 , output = 0
Generation Phase/Generation Phase Prima, input = 0, body = 1 , output = 0
End Generation Phase/Generation Phase Prima, input = 0, body = 1 , output = 0
Avance Phase Prima input = 0, body = 1 , output = 0
>>> RESOURCE_REQUEST >>>
<<< Q0 = 5 <<< RESOURCE_RESPONSE ( 0 )<<< 
0 >>> RESOURCE_NO_DEMAND >>> Q0 = 5 
>>> RESOURCE_SEND = 0 >>> N0=7 
>>> RESOURCE_SEND = 0 >>> N1=8 
>>> TERMINATED NODE >>>
End Avance Phase Prima input = 0, body = 1 , output = 0
CONSUME_DT, input = 0, body = 1 , output = 0
END CONSUME_DT, input = 0, body = 1 , output = 0
PING_REPORT, input = 0, body = 1 , output = 0
END PING_REPORT, input = 0, body = 1 , output = 0
Generation Phase/Generation Phase Prima, input = 0, body = 1 , output = 0
End Generation Phase/Generation Phase Prima, input = 0, body = 1 , output = 0
Avance Phase input = 0, body = 1 , output = 0
>>> RESOURCE_REQUEST >>>
<<< Q0 = 5 <<< RESOURCE_RESPONSE ( 0 )<<< 
0 >>> RESOURCE_NO_DEMAND >>> Q0 = 5 
>>> RESOURCE_SEND = 0 >>> N0=7 
>>> RESOURCE_SEND = 0 >>> N1=8 
End Avance Phase input = 0, body = 1 , output = 0
Generation Phase/Generation Phase Prima, input = 0, body = 1 , output = 0
End Generation Phase/Generation Phase Prima, input = 0, body = 1 , output = 0
Avance Phase Prima input = 0, body = 1 , output = 0
>>> RESOURCE_REQUEST >>>
<<< Q0 = 5 <<< RESOURCE_RESPONSE ( 0 )<<< 
0 >>> RESOURCE_NO_DEMAND >>> Q0 = 5 
>>> RESOURCE_SEND = 0 >>> N0=7 
>>> RESOURCE_SEND = 0 >>> N1=8 
>>> TERMINATED NODE >>>
End Avance Phase Prima input = 0, body = 1 , output = 0
Generation Phase/Generation Phase Prima, input = 0, body = 1 , output = 0
End Generation Phase/Generation Phase Prima, input = 0, body = 1 , output = 0
Avance Phase Prima input = 0, body = 1 , output = 0
>>> RESOURCE_REQUEST >>>
<<< Q0 = 5 <<< RESOURCE_RESPONSE ( 0 )<<< 
0 >>> RESOURCE_NO_DEMAND >>> Q0 = 5 
>>> RESOURCE_SEND = 0 >>> N0=7 
>>> RESOURCE_SEND = 0 >>> N1=8 
>>> TERMINATED NODE >>>
End Avance Phase Prima input = 0, body = 1 , output = 0
CONSUME_DT, input = 0, body = 1 , output = 0
END CONSUME_DT, input = 0, body = 1 , output = 0
PING_REPORT, input = 0, body = 1 , output = 0
END PING_REPORT, input = 0, body = 1 , output = 0
Generation Phase/Generation Phase Prima, input = 0, body = 1 , output = 0
End Generation Phase/Generation Phase Prima, input = 0, body = 1 , output = 0
Avance Phase input = 0, body = 1 , output = 0
>>> RESOURCE_REQUEST >>>
<<< Q0 = 5 <<< RESOURCE_RESPONSE ( 0 )<<< 
0 >>> RESOURCE_NO_DEMAND >>> Q0 = 5 
>>> RESOURCE_SEND = 0 >>> N0=7 
>>> RESOURCE_SEND = 0 >>> N1=8 
End Avance Phase input = 0, body = 1 , output = 0
Generation Phase/Generation Phase Prima, input = 0, body = 1 , output = 0
End Generation Phase/Generation Phase Prima, input = 0, body = 1 , output = 0
Avance Phase Prima input = 0, body = 1 , output = 0
>>> RESOURCE_REQUEST >>>
<<< Q0 = 5 <<< RESOURCE_RESPONSE ( 0 )<<< 
0 >>> RESOURCE_NO_DEMAND >>> Q0 = 5 
>>> RESOURCE_SEND = 0 >>> N0=7 
>>> RESOURCE_SEND = 0 >>> N1=8 
>>> TERMINATED NODE >>>
End Avance Phase Prima input = 0, body = 1 , output = 0
Generation Phase/Generation Phase Prima, input = 0, body = 1 , output = 0
End Generation Phase/Generation Phase Prima, input = 0, body = 1 , output = 0
Avance Phase Prima input = 0, body = 1 , output = 0
>>> RESOURCE_REQUEST >>>
<<< Q0 = 5 <<< RESOURCE_RESPONSE ( 0 )<<< 
0 >>> RESOURCE_NO_DEMAND >>> Q0 = 5 
>>> RESOURCE_SEND = 0 >>> N0=7 
>>> RESOURCE_SEND = 0 >>> N1=8 
>>> TERMINATED NODE >>>
End Avance Phase Prima input = 0, body = 1 , output = 0
CONSUME_DT, input = 0, body = 1 , output = 0
END CONSUME_DT, input = 0, body = 1 , output = 0
PING_REPORT, input = 0, body = 1 , output = 0
END PING_REPORT, input = 0, body = 1 , output = 0
Generation Phase/Generation Phase Prima, input = 0, body = 1 , output = 0
End Generation Phase/Generation Phase Prima, input = 0, body = 1 , output = 0
Avance Phase input = 0, body = 1 , output = 0
>>> RESOURCE_REQUEST >>>
<<< Q0 = 5 <<< RESOURCE_RESPONSE ( 0 )<<< 
0 >>> RESOURCE_NO_DEMAND >>> Q0 = 5 
>>> RESOURCE_SEND = 0 >>> N0=7 
>>> RESOURCE_SEND = 0 >>> N1=8 
End Avance Phase input = 0, body = 1 , output = 0
Generation Phase/Generation Phase Prima, input = 0, body = 1 , output = 0
End Generation Phase/Generation Phase Prima, input = 0, body = 1 , output = 0
Avance Phase Prima input = 0, body = 1 , output = 0
>>> RESOURCE_REQUEST >>>
<<< Q0 = 5 <<< RESOURCE_RESPONSE ( 0 )<<< 
0 >>> RESOURCE_NO_DEMAND >>> Q0 = 5 
>>> RESOURCE_SEND = 0 >>> N0=7 
>>> RESOURCE_SEND = 0 >>> N1=8 
>>> TERMINATED NODE >>>
End Avance Phase Prima input = 0, body = 1 , output = 0
CONSUME_DT, input = 0, body = 1 , output = 0
END CONSUME_DT, input = 0, body = 0 , output = 1
PING_REPORT, input = 0, body = 0 , output = 1
END PING_REPORT, input = 0, body = 0 , output = 1
Generation Phase/Generation Phase Prima, input = 0, body = 0 , output = 1
End Generation Phase/Generation Phase Prima, input = 0, body = 0 , output = 1
Avance Phase input = 0, body = 0 , output = 1
>>> RESOURCE_REQUEST >>>
<<< Q0 = 5 <<< RESOURCE_RESPONSE ( 0 )<<< 
0 >>> RESOURCE_NO_DEMAND >>> Q0 = 5 
>>> RESOURCE_SEND = 0 >>> N0=7 
>>> RESOURCE_SEND = 1 >>> N1=8 
End Avance Phase input = 0, body = 0 , output = 0
Generation Phase/Generation Phase Prima, input = 0, body = 0 , output = 0
End Generation Phase/Generation Phase Prima, input = 0, body = 0 , output = 0
Avance Phase Prima input = 0, body = 0 , output = 0
>>> RESOURCE_REQUEST >>>
<<< Q0 = 5 <<< RESOURCE_RESPONSE ( 0 )<<< 
0 >>> RESOURCE_NO_DEMAND >>> Q0 = 5 
>>> RESOURCE_SEND = 0 >>> N0=7 
>>> RESOURCE_SEND = 0 >>> N1=8 
>>> TERMINATED NODE >>>
End Avance Phase Prima input = 0, body = 0 , output = 0
Generation Phase/Generation Phase Prima, input = 0, body = 0 , output = 0
End Generation Phase/Generation Phase Prima, input = 0, body = 0 , output = 0
Avance Phase Prima input = 0, body = 0 , output = 0
>>> RESOURCE_REQUEST >>>
<<< Q0 = 5 <<< RESOURCE_RESPONSE ( 0 )<<< 
0 >>> RESOURCE_NO_DEMAND >>> Q0 = 5 
>>> RESOURCE_SEND = 0 >>> N0=7 
>>> RESOURCE_SEND = 0 >>> N1=8 
>>> TERMINATED NODE >>>
End Avance Phase Prima input = 0, body = 0 , output = 0
CONSUME_DT, input = 0, body = 0 , output = 0
END CONSUME_DT, input = 0, body = 0 , output = 0
PING_REPORT, input = 0, body = 0 , output = 0
END PING_REPORT, input = 0, body = 0 , output = 0
Generation Phase/Generation Phase Prima, input = 0, body = 0 , output = 0
End Generation Phase/Generation Phase Prima, input = 0, body = 0 , output = 0
Avance Phase input = 0, body = 0 , output = 0
>>> RESOURCE_REQUEST >>>
<<< Q0 = 5 <<< RESOURCE_RESPONSE ( 0 )<<< 
0 >>> RESOURCE_NO_DEMAND >>> Q0 = 5 
>>> RESOURCE_SEND = 0 >>> N0=7 
>>> RESOURCE_SEND = 0 >>> N1=8 
End Avance Phase input = 0, body = 0 , output = 0
Generation Phase/Generation Phase Prima, input = 0, body = 0 , output = 0
End Generation Phase/Generation Phase Prima, input = 0, body = 0 , output = 0
Avance Phase Prima input = 0, body = 0 , output = 0
>>> RESOURCE_REQUEST >>>
<<< Q0 = 5 <<< RESOURCE_RESPONSE ( 0 )<<< 
0 >>> RESOURCE_NO_DEMAND >>> Q0 = 5 
>>> RESOURCE_SEND = 0 >>> N0=7 
>>> RESOURCE_SEND = 0 >>> N1=8 
>>> TERMINATED NODE >>>
End Avance Phase Prima input = 0, body = 0 , output = 0
Generation Phase/Generation Phase Prima, input = 0, body = 0 , output = 0
End Generation Phase/Generation Phase Prima, input = 0, body = 0 , output = 0
Avance Phase Prima input = 0, body = 0 , output = 0
>>> RESOURCE_REQUEST >>>
<<< Q0 = 5 <<< RESOURCE_RESPONSE ( 0 )<<< 
0 >>> RESOURCE_NO_DEMAND >>> Q0 = 5 
>>> RESOURCE_SEND = 0 >>> N0=7 
>>> RESOURCE_SEND = 0 >>> N1=8 
>>> TERMINATED NODE >>>
End Avance Phase Prima input = 0, body = 0 , output = 0
CONSUME_DT, input = 0, body = 0 , output = 0
END CONSUME_DT, input = 0, body = 0 , output = 0
PING_REPORT, input = 0, body = 0 , output = 0
END PING_REPORT, input = 0, body = 0 , output = 0
Generation Phase/Generation Phase Prima, input = 0, body = 0 , output = 0
End Generation Phase/Generation Phase Prima, input = 0, body = 0 , output = 0
Avance Phase input = 0, body = 0 , output = 0
>>> RESOURCE_REQUEST >>>
<<< Q0 = 5 <<< RESOURCE_RESPONSE ( 0 )<<< 
0 >>> RESOURCE_NO_DEMAND >>> Q0 = 5 
>>> RESOURCE_SEND = 0 >>> N0=7 
>>> RESOURCE_SEND = 0 >>> N1=8 
End Avance Phase input = 0, body = 0 , output = 0
Generation Phase/Generation Phase Prima, input = 0, body = 0 , output = 0
End Generation Phase/Generation Phase Prima, input = 0, body = 0 , output = 0
Avance Phase Prima input = 0, body = 0 , output = 0
>>> RESOURCE_REQUEST >>>
<<< Q0 = 5 <<< RESOURCE_RESPONSE ( 0 )<<< 
0 >>> RESOURCE_NO_DEMAND >>> Q0 = 5 
>>> RESOURCE_SEND = 0 >>> N0=7 
>>> RESOURCE_SEND = 0 >>> N1=8 
>>> TERMINATED NODE >>>
End Avance Phase Prima input = 0, body = 0 , output = 0
Generation Phase/Generation Phase Prima, input = 0, body = 0 , output = 0
End Generation Phase/Generation Phase Prima, input = 0, body = 0 , output = 0
Avance Phase Prima input = 0, body = 0 , output = 0
>>> RESOURCE_REQUEST >>>
<<< Q0 = 5 <<< RESOURCE_RESPONSE ( 0 )<<< 
0 >>> RESOURCE_NO_DEMAND >>> Q0 = 5 
>>> RESOURCE_SEND = 0 >>> N0=7 
>>> RESOURCE_SEND = 0 >>> N1=8 
>>> TERMINATED NODE >>>
End Avance Phase Prima input = 0, body = 0 , output = 0
CONSUME_DT, input = 0, body = 0 , output = 0
END CONSUME_DT, input = 0, body = 0 , output = 0
PING_REPORT, input = 0, body = 0 , output = 0
END PING_REPORT, input = 0, body = 0 , output = 0
Generation Phase/Generation Phase Prima, input = 0, body = 0 , output = 0
End Generation Phase/Generation Phase Prima, input = 0, body = 0 , output = 0
Avance Phase input = 0, body = 0 , output = 0
>>> RESOURCE_REQUEST >>>
<<< Q0 = 5 <<< RESOURCE_RESPONSE ( 0 )<<< 
0 >>> RESOURCE_NO_DEMAND >>> Q0 = 5 
>>> RESOURCE_SEND = 0 >>> N0=7 
>>> RESOURCE_SEND = 0 >>> N1=8 
End Avance Phase input = 0, body = 0 , output = 0
Generation Phase/Generation Phase Prima, input = 0, body = 0 , output = 0
End Generation Phase/Generation Phase Prima, input = 0, body = 0 , output = 0
Avance Phase Prima input = 0, body = 0 , output = 0
>>> RESOURCE_REQUEST >>>
<<< Q0 = 5 <<< RESOURCE_RESPONSE ( 1 )<<< 
0 >>> RESOURCE_DEMAND >>> Q0 = 5 
<<< TRANSACTION_BEGIN <<<
>>> TRANSACTION_COMMIT >>>
>>> RESOURCE_REQUEST >>>
<<< Q0 = 5 <<< RESOURCE_RESPONSE ( 0 )<<< 
0 >>> RESOURCE_NO_DEMAND >>> Q0 = 5 
>>> RESOURCE_SEND = 0 >>> N0=7 
>>> RESOURCE_SEND = 0 >>> N1=8 
>>> NOT TERMINATED NODE >>>
End Avance Phase Prima input = 1, body = 0 , output = 0
Generation Phase/Generation Phase Prima, input = 1, body = 0 , output = 0
End Generation Phase/Generation Phase Prima, input = 0, body = 1 , output = 0
Avance Phase Prima input = 0, body = 1 , output = 0
>>> RESOURCE_REQUEST >>>
<<< Q0 = 5 <<< RESOURCE_RESPONSE ( 0 )<<< 
0 >>> RESOURCE_NO_DEMAND >>> Q0 = 5 
>>> RESOURCE_SEND = 0 >>> N0=7 
>>> RESOURCE_SEND = 0 >>> N1=8 
>>> TERMINATED NODE >>>
End Avance Phase Prima input = 0, body = 1 , output = 0
CONSUME_DT, input = 0, body = 1 , output = 0
END CONSUME_DT, input = 0, body = 1 , output = 0
PING_REPORT, input = 0, body = 1 , output = 0
END PING_REPORT, input = 0, body = 1 , output = 0
Generation Phase/Generation Phase Prima, input = 0, body = 1 , output = 0
End Generation Phase/Generation Phase Prima, input = 0, body = 1 , output = 0
Avance Phase input = 0, body = 1 , output = 0
>>> RESOURCE_REQUEST >>>
<<< Q0 = 5 <<< RESOURCE_RESPONSE ( 0 )<<< 
0 >>> RESOURCE_NO_DEMAND >>> Q0 = 5 
>>> RESOURCE_SEND = 0 >>> N0=7 
>>> RESOURCE_SEND = 0 >>> N1=8 
End Avance Phase input = 0, body = 1 , output = 0
Generation Phase/Generation Phase Prima, input = 0, body = 1 , output = 0
End Generation Phase/Generation Phase Prima, input = 0, body = 1 , output = 0
Avance Phase Prima input = 0, body = 1 , output = 0
>>> RESOURCE_REQUEST >>>
<<< Q0 = 5 <<< RESOURCE_RESPONSE ( 1 )<<< 
0 >>> RESOURCE_DEMAND >>> Q0 = 5 
<<< TRANSACTION_BEGIN <<<
>>> TRANSACTION_COMMIT >>>
>>> RESOURCE_REQUEST >>>
<<< Q0 = 5 <<< RESOURCE_RESPONSE ( 0 )<<< 
0 >>> RESOURCE_NO_DEMAND >>> Q0 = 5 
>>> RESOURCE_SEND = 0 >>> N0=7 
>>> RESOURCE_SEND = 0 >>> N1=8 
>>> NOT TERMINATED NODE >>>
End Avance Phase Prima input = 1, body = 1 , output = 0
Generation Phase/Generation Phase Prima, input = 1, body = 1 , output = 0
End Generation Phase/Generation Phase Prima, input = 0, body = 2 , output = 0
Avance Phase Prima input = 0, body = 2 , output = 0
>>> RESOURCE_REQUEST >>>
<<< Q0 = 5 <<< RESOURCE_RESPONSE ( 0 )<<< 
0 >>> RESOURCE_NO_DEMAND >>> Q0 = 5 
>>> RESOURCE_SEND = 0 >>> N0=7 
>>> RESOURCE_SEND = 0 >>> N1=8 
>>> TERMINATED NODE >>>
End Avance Phase Prima input = 0, body = 2 , output = 0
CONSUME_DT, input = 0, body = 2 , output = 0
END CONSUME_DT, input = 0, body = 2 , output = 0
PING_REPORT, input = 0, body = 2 , output = 0
END PING_REPORT, input = 0, body = 2 , output = 0
Generation Phase/Generation Phase Prima, input = 0, body = 2 , output = 0
End Generation Phase/Generation Phase Prima, input = 0, body = 2 , output = 0
Avance Phase input = 0, body = 2 , output = 0
>>> RESOURCE_REQUEST >>>
<<< Q0 = 5 <<< RESOURCE_RESPONSE ( 0 )<<< 
0 >>> RESOURCE_NO_DEMAND >>> Q0 = 5 
>>> RESOURCE_SEND = 0 >>> N0=7 
>>> RESOURCE_SEND = 0 >>> N1=8 
End Avance Phase input = 0, body = 2 , output = 0
Generation Phase/Generation Phase Prima, input = 0, body = 2 , output = 0
End Generation Phase/Generation Phase Prima, input = 0, body = 2 , output = 0
Avance Phase Prima input = 0, body = 2 , output = 0
>>> RESOURCE_REQUEST >>>
<<< Q0 = 5 <<< RESOURCE_RESPONSE ( 0 )<<< 
0 >>> RESOURCE_NO_DEMAND >>> Q0 = 5 
>>> RESOURCE_SEND = 0 >>> N0=7 
>>> RESOURCE_SEND = 0 >>> N1=8 
>>> TERMINATED NODE >>>
End Avance Phase Prima input = 0, body = 2 , output = 0
Generation Phase/Generation Phase Prima, input = 0, body = 2 , output = 0
End Generation Phase/Generation Phase Prima, input = 0, body = 2 , output = 0
Avance Phase Prima input = 0, body = 2 , output = 0
>>> RESOURCE_REQUEST >>>
<<< Q0 = 5 <<< RESOURCE_RESPONSE ( 0 )<<< 
0 >>> RESOURCE_NO_DEMAND >>> Q0 = 5 
>>> RESOURCE_SEND = 0 >>> N0=7 
>>> RESOURCE_SEND = 0 >>> N1=8 
>>> TERMINATED NODE >>>
End Avance Phase Prima input = 0, body = 2 , output = 0
CONSUME_DT, input = 0, body = 2 , output = 0
END CONSUME_DT, input = 0, body = 2 , output = 0
PING_REPORT, input = 0, body = 2 , output = 0
END PING_REPORT, input = 0, body = 2 , output = 0
Generation Phase/Generation Phase Prima, input = 0, body = 2 , output = 0
End Generation Phase/Generation Phase Prima, input = 0, body = 2 , output = 0
Avance Phase input = 0, body = 2 , output = 0
>>> RESOURCE_REQUEST >>>
<<< Q0 = 5 <<< RESOURCE_RESPONSE ( 0 )<<< 
0 >>> RESOURCE_NO_DEMAND >>> Q0 = 5 
>>> RESOURCE_SEND = 0 >>> N0=7 
>>> RESOURCE_SEND = 0 >>> N1=8 
End Avance Phase input = 0, body = 2 , output = 0
Generation Phase/Generation Phase Prima, input = 0, body = 2 , output = 0
End Generation Phase/Generation Phase Prima, input = 0, body = 2 , output = 0
Avance Phase Prima input = 0, body = 2 , output = 0
>>> RESOURCE_REQUEST >>>
<<< Q0 = 5 <<< RESOURCE_RESPONSE ( 1 )<<< 
0 >>> RESOURCE_DEMAND >>> Q0 = 5 
<<< TRANSACTION_BEGIN <<<
>>> TRANSACTION_COMMIT >>>
>>> RESOURCE_REQUEST >>>
<<< Q0 = 5 <<< RESOURCE_RESPONSE ( 0 )<<< 
0 >>> RESOURCE_NO_DEMAND >>> Q0 = 5 
>>> RESOURCE_SEND = 0 >>> N0=7 
>>> RESOURCE_SEND = 0 >>> N1=8 
>>> NOT TERMINATED NODE >>>
End Avance Phase Prima input = 1, body = 2 , output = 0
Generation Phase/Generation Phase Prima, input = 1, body = 2 , output = 0
End Generation Phase/Generation Phase Prima, input = 0, body = 3 , output = 0
Avance Phase Prima input = 0, body = 3 , output = 0
>>> RESOURCE_REQUEST >>>
<<< Q0 = 5 <<< RESOURCE_RESPONSE ( 0 )<<< 
0 >>> RESOURCE_NO_DEMAND >>> Q0 = 5 
>>> RESOURCE_SEND = 0 >>> N0=7 
>>> RESOURCE_SEND = 0 >>> N1=8 
>>> TERMINATED NODE >>>
End Avance Phase Prima input = 0, body = 3 , output = 0
CONSUME_DT, input = 0, body = 3 , output = 0
END CONSUME_DT, input = 0, body = 3 , output = 0
PING_REPORT, input = 0, body = 3 , output = 0
END PING_REPORT, input = 0, body = 3 , output = 0
Generation Phase/Generation Phase Prima, input = 0, body = 3 , output = 0
End Generation Phase/Generation Phase Prima, input = 0, body = 3 , output = 0
Avance Phase input = 0, body = 3 , output = 0
>>> RESOURCE_REQUEST >>>
<<< Q0 = 5 <<< RESOURCE_RESPONSE ( 0 )<<< 
0 >>> RESOURCE_NO_DEMAND >>> Q0 = 5 
>>> RESOURCE_SEND = 0 >>> N0=7 
>>> RESOURCE_SEND = 0 >>> N1=8 
End Avance Phase input = 0, body = 3 , output = 0
Generation Phase/Generation Phase Prima, input = 0, body = 3 , output = 0
End Generation Phase/Generation Phase Prima, input = 0, body = 3 , output = 0
Avance Phase Prima input = 0, body = 3 , output = 0
>>> RESOURCE_REQUEST >>>
<<< Q0 = 5 <<< RESOURCE_RESPONSE ( 1 )<<< 
0 >>> RESOURCE_DEMAND >>> Q0 = 5 
<<< TRANSACTION_BEGIN <<<
>>> TRANSACTION_COMMIT >>>
>>> RESOURCE_REQUEST >>>
<<< Q0 = 5 <<< RESOURCE_RESPONSE ( 0 )<<< 
0 >>> RESOURCE_NO_DEMAND >>> Q0 = 5 
>>> RESOURCE_SEND = 0 >>> N0=7 
>>> RESOURCE_SEND = 0 >>> N1=8 
>>> NOT TERMINATED NODE >>>
End Avance Phase Prima input = 1, body = 3 , output = 0
Generation Phase/Generation Phase Prima, input = 1, body = 3 , output = 0
End Generation Phase/Generation Phase Prima, input = 0, body = 4 , output = 0
Avance Phase Prima input = 0, body = 4 , output = 0
>>> RESOURCE_REQUEST >>>
<<< Q0 = 5 <<< RESOURCE_RESPONSE ( 0 )<<< 
0 >>> RESOURCE_NO_DEMAND >>> Q0 = 5 
>>> RESOURCE_SEND = 0 >>> N0=7 
>>> RESOURCE_SEND = 0 >>> N1=8 
>>> TERMINATED NODE >>>
End Avance Phase Prima input = 0, body = 4 , output = 0
CONSUME_DT, input = 0, body = 4 , output = 0
END CONSUME_DT, input = 0, body = 3 , output = 1
PING_REPORT, input = 0, body = 3 , output = 1
END PING_REPORT, input = 0, body = 3 , output = 1
Generation Phase/Generation Phase Prima, input = 0, body = 3 , output = 1
End Generation Phase/Generation Phase Prima, input = 0, body = 3 , output = 1
Avance Phase input = 0, body = 3 , output = 1
>>> RESOURCE_REQUEST >>>
<<< Q0 = 5 <<< RESOURCE_RESPONSE ( 0 )<<< 
0 >>> RESOURCE_NO_DEMAND >>> Q0 = 5 
>>> RESOURCE_SEND = 1 >>> N0=7 
>>> RESOURCE_SEND = 0 >>> N1=8 
End Avance Phase input = 0, body = 3 , output = 0
Generation Phase/Generation Phase Prima, input = 0, body = 3 , output = 0
End Generation Phase/Generation Phase Prima, input = 0, body = 3 , output = 0
Avance Phase Prima input = 0, body = 3 , output = 0
>>> RESOURCE_REQUEST >>>
<<< Q0 = 5 <<< RESOURCE_RESPONSE ( 1 )<<< 
0 >>> RESOURCE_DEMAND >>> Q0 = 5 
<<< TRANSACTION_BEGIN <<<
>>> TRANSACTION_COMMIT >>>
>>> RESOURCE_REQUEST >>>
<<< Q0 = 5 <<< RESOURCE_RESPONSE ( 0 )<<< 
0 >>> RESOURCE_NO_DEMAND >>> Q0 = 5 
>>> RESOURCE_SEND = 0 >>> N0=7 
>>> RESOURCE_SEND = 0 >>> N1=8 
>>> NOT TERMINATED NODE >>>
End Avance Phase Prima input = 1, body = 3 , output = 0
Generation Phase/Generation Phase Prima, input = 1, body = 3 , output = 0
End Generation Phase/Generation Phase Prima, input = 0, body = 4 , output = 0
Avance Phase Prima input = 0, body = 4 , output = 0
>>> RESOURCE_REQUEST >>>
<<< Q0 = 5 <<< RESOURCE_RESPONSE ( 0 )<<< 
0 >>> RESOURCE_NO_DEMAND >>> Q0 = 5 
>>> RESOURCE_SEND = 0 >>> N0=7 
>>> RESOURCE_SEND = 0 >>> N1=8 
>>> TERMINATED NODE >>>
End Avance Phase Prima input = 0, body = 4 , output = 0
CONSUME_DT, input = 0, body = 4 , output = 0
END CONSUME_DT, input = 0, body = 3 , output = 1
PING_REPORT, input = 0, body = 3 , output = 1
END PING_REPORT, input = 0, body = 3 , output = 1
Generation Phase/Generation Phase Prima, input = 0, body = 3 , output = 1
End Generation Phase/Generation Phase Prima, input = 0, body = 3 , output = 1
Avance Phase input = 0, body = 3 , output = 1
>>> RESOURCE_REQUEST >>>
<<< Q0 = 5 <<< RESOURCE_RESPONSE ( 0 )<<< 
0 >>> RESOURCE_NO_DEMAND >>> Q0 = 5 
>>> RESOURCE_SEND = 0 >>> N0=7 
>>> RESOURCE_SEND = 1 >>> N1=8 
End Avance Phase input = 0, body = 3 , output = 0
Generation Phase/Generation Phase Prima, input = 0, body = 3 , output = 0
End Generation Phase/Generation Phase Prima, input = 0, body = 3 , output = 0
Avance Phase Prima input = 0, body = 3 , output = 0
>>> RESOURCE_REQUEST >>>
<<< Q0 = 5 <<< RESOURCE_RESPONSE ( 0 )<<< 
0 >>> RESOURCE_NO_DEMAND >>> Q0 = 5 
>>> RESOURCE_SEND = 0 >>> N0=7 
>>> RESOURCE_SEND = 0 >>> N1=8 
>>> TERMINATED NODE >>>
End Avance Phase Prima input = 0, body = 3 , output = 0
Generation Phase/Generation Phase Prima, input = 0, body = 3 , output = 0
End Generation Phase/Generation Phase Prima, input = 0, body = 3 , output = 0
Avance Phase Prima input = 0, body = 3 , output = 0
>>> RESOURCE_REQUEST >>>
<<< Q0 = 5 <<< RESOURCE_RESPONSE ( 0 )<<< 
0 >>> RESOURCE_NO_DEMAND >>> Q0 = 5 
>>> RESOURCE_SEND = 0 >>> N0=7 
>>> RESOURCE_SEND = 0 >>> N1=8 
>>> TERMINATED NODE >>>
End Avance Phase Prima input = 0, body = 3 , output = 0
CONSUME_DT, input = 0, body = 3 , output = 0
END CONSUME_DT, input = 0, body = 3 , output = 0
PING_REPORT, input = 0, body = 3 , output = 0
END PING_REPORT, input = 0, body = 3 , output = 0
-- LIVE_LOCK --
