-- Inicio --
Generation Phase/Generation Phase Prima, input = 0, body = 0 , output = 0
End Generation Phase/Generation Phase Prima, input = 0, body = 0 , output = 0
Avance Phase input = 0, body = 0 , output = 0
>>> RESOURCE_REQUEST >>>
<<< Q0 = 4 <<< RESOURCE_RESPONSE ( 0 )<<< 
0 >>> RESOURCE_NO_DEMAND >>> Q0 = 4 
>>> RESOURCE_SEND = 0 >>> N0=6 
End Avance Phase input = 0, body = 0 , output = 0
Generation Phase/Generation Phase Prima, input = 0, body = 0 , output = 0
End Generation Phase/Generation Phase Prima, input = 0, body = 0 , output = 0
Avance Phase Prima input = 0, body = 0 , output = 0
>>> RESOURCE_REQUEST >>>
<<< Q0 = 4 <<< RESOURCE_RESPONSE ( 0 )<<< 
0 >>> RESOURCE_NO_DEMAND >>> Q0 = 4 
>>> RESOURCE_SEND = 0 >>> N0=6 
>>> TERMINATED NODE >>>
End Avance Phase Prima input = 0, body = 0 , output = 0
Generation Phase/Generation Phase Prima, input = 0, body = 0 , output = 0
End Generation Phase/Generation Phase Prima, input = 0, body = 0 , output = 0
Avance Phase Prima input = 0, body = 0 , output = 0
>>> RESOURCE_REQUEST >>>
<<< Q0 = 4 <<< RESOURCE_RESPONSE ( 0 )<<< 
0 >>> RESOURCE_NO_DEMAND >>> Q0 = 4 
>>> RESOURCE_SEND = 0 >>> N0=6 
>>> TERMINATED NODE >>>
End Avance Phase Prima input = 0, body = 0 , output = 0
Generation Phase/Generation Phase Prima, input = 0, body = 0 , output = 0
End Generation Phase/Generation Phase Prima, input = 0, body = 0 , output = 0
Avance Phase Prima input = 0, body = 0 , output = 0
>>> RESOURCE_REQUEST >>>
<<< Q0 = 4 <<< RESOURCE_RESPONSE ( 1 )<<< 
0 >>> RESOURCE_DEMAND >>> Q0 = 4 
<<< TRANSACTION_BEGIN <<<
>>> TRANSACTION_COMMIT >>>
>>> RESOURCE_REQUEST >>>
<<< Q0 = 4 <<< RESOURCE_RESPONSE ( 0 )<<< 
0 >>> RESOURCE_NO_DEMAND >>> Q0 = 4 
>>> RESOURCE_SEND = 0 >>> N0=6 
>>> NOT TERMINATED NODE >>>
End Avance Phase Prima input = 1, body = 0 , output = 0
Generation Phase/Generation Phase Prima, input = 1, body = 0 , output = 0
End Generation Phase/Generation Phase Prima, input = 0, body = 1 , output = 0
Avance Phase Prima input = 0, body = 1 , output = 0
>>> RESOURCE_REQUEST >>>
<<< Q0 = 4 <<< RESOURCE_RESPONSE ( 0 )<<< 
0 >>> RESOURCE_NO_DEMAND >>> Q0 = 4 
>>> RESOURCE_SEND = 0 >>> N0=6 
>>> TERMINATED NODE >>>
End Avance Phase Prima input = 0, body = 1 , output = 0
Generation Phase/Generation Phase Prima, input = 0, body = 1 , output = 0
End Generation Phase/Generation Phase Prima, input = 0, body = 1 , output = 0
Avance Phase Prima input = 0, body = 1 , output = 0
>>> RESOURCE_REQUEST >>>
<<< Q0 = 4 <<< RESOURCE_RESPONSE ( 1 )<<< 
0 >>> RESOURCE_DEMAND >>> Q0 = 4 
<<< TRANSACTION_BEGIN <<<
>>> TRANSACTION_COMMIT >>>
>>> RESOURCE_REQUEST >>>
<<< Q0 = 4 <<< RESOURCE_RESPONSE ( 0 )<<< 
0 >>> RESOURCE_NO_DEMAND >>> Q0 = 4 
>>> RESOURCE_SEND = 0 >>> N0=6 
>>> NOT TERMINATED NODE >>>
End Avance Phase Prima input = 1, body = 1 , output = 0
Generation Phase/Generation Phase Prima, input = 1, body = 1 , output = 0
End Generation Phase/Generation Phase Prima, input = 0, body = 2 , output = 0
Avance Phase Prima input = 0, body = 2 , output = 0
>>> RESOURCE_REQUEST >>>
<<< Q0 = 4 <<< RESOURCE_RESPONSE ( 0 )<<< 
0 >>> RESOURCE_NO_DEMAND >>> Q0 = 4 
>>> RESOURCE_SEND = 0 >>> N0=6 
>>> TERMINATED NODE >>>
End Avance Phase Prima input = 0, body = 2 , output = 0
Generation Phase/Generation Phase Prima, input = 0, body = 2 , output = 0
End Generation Phase/Generation Phase Prima, input = 0, body = 2 , output = 0
Avance Phase Prima input = 0, body = 2 , output = 0
>>> RESOURCE_REQUEST >>>
<<< Q0 = 4 <<< RESOURCE_RESPONSE ( 1 )<<< 
0 >>> RESOURCE_DEMAND >>> Q0 = 4 
<<< TRANSACTION_BEGIN <<<
>>> TRANSACTION_COMMIT >>>
>>> RESOURCE_REQUEST >>>
<<< Q0 = 4 <<< RESOURCE_RESPONSE ( 0 )<<< 
0 >>> RESOURCE_NO_DEMAND >>> Q0 = 4 
>>> RESOURCE_SEND = 0 >>> N0=6 
>>> NOT TERMINATED NODE >>>
End Avance Phase Prima input = 1, body = 2 , output = 0
Generation Phase/Generation Phase Prima, input = 1, body = 2 , output = 0
End Generation Phase/Generation Phase Prima, input = 0, body = 3 , output = 0
Avance Phase Prima input = 0, body = 3 , output = 0
>>> RESOURCE_REQUEST >>>
<<< Q0 = 4 <<< RESOURCE_RESPONSE ( 0 )<<< 
0 >>> RESOURCE_NO_DEMAND >>> Q0 = 4 
>>> RESOURCE_SEND = 0 >>> N0=6 
>>> TERMINATED NODE >>>
End Avance Phase Prima input = 0, body = 3 , output = 0
Generation Phase/Generation Phase Prima, input = 0, body = 3 , output = 0
End Generation Phase/Generation Phase Prima, input = 0, body = 3 , output = 0
Avance Phase Prima input = 0, body = 3 , output = 0
>>> RESOURCE_REQUEST >>>
<<< Q0 = 4 <<< RESOURCE_RESPONSE ( 1 )<<< 
0 >>> RESOURCE_DEMAND >>> Q0 = 4 
<<< TRANSACTION_BEGIN <<<
>>> TRANSACTION_COMMIT >>>
>>> RESOURCE_REQUEST >>>
<<< Q0 = 4 <<< RESOURCE_RESPONSE ( 0 )<<< 
0 >>> RESOURCE_NO_DEMAND >>> Q0 = 4 
>>> RESOURCE_SEND = 0 >>> N0=6 
>>> NOT TERMINATED NODE >>>
End Avance Phase Prima input = 1, body = 3 , output = 0
Generation Phase/Generation Phase Prima, input = 1, body = 3 , output = 0
End Generation Phase/Generation Phase Prima, input = 0, body = 4 , output = 0
Avance Phase Prima input = 0, body = 4 , output = 0
>>> RESOURCE_REQUEST >>>
<<< Q0 = 4 <<< RESOURCE_RESPONSE ( 0 )<<< 
0 >>> RESOURCE_NO_DEMAND >>> Q0 = 4 
>>> RESOURCE_SEND = 0 >>> N0=6 
>>> TERMINATED NODE >>>
End Avance Phase Prima input = 0, body = 4 , output = 0
CONSUME_DT, input = 0, body = 4 , output = 0
END CONSUME_DT, input = 0, body = 4 , output = 0
PING_REPORT, input = 0, body = 4 , output = 0
END PING_REPORT, input = 0, body = 4 , output = 0
Generation Phase/Generation Phase Prima, input = 0, body = 4 , output = 0
End Generation Phase/Generation Phase Prima, input = 0, body = 4 , output = 0
Avance Phase input = 0, body = 4 , output = 0
>>> RESOURCE_REQUEST >>>
<<< Q0 = 4 <<< RESOURCE_RESPONSE ( 1 )<<< 
0 >>> RESOURCE_DEMAND >>> Q0 = 4 
<<< TRANSACTION_BEGIN <<<
>>> TRANSACTION_COMMIT >>>
>>> RESOURCE_REQUEST >>>
<<< Q0 = 4 <<< RESOURCE_RESPONSE ( 0 )<<< 
0 >>> RESOURCE_NO_DEMAND >>> Q0 = 4 
>>> RESOURCE_SEND = 0 >>> N0=6 
End Avance Phase input = 1, body = 4 , output = 0
Generation Phase/Generation Phase Prima, input = 1, body = 4 , output = 0
End Generation Phase/Generation Phase Prima, input = 0, body = 5 , output = 0
Avance Phase Prima input = 0, body = 5 , output = 0
>>> RESOURCE_REQUEST >>>
<<< Q0 = 4 <<< RESOURCE_RESPONSE ( 0 )<<< 
0 >>> RESOURCE_NO_DEMAND >>> Q0 = 4 
>>> RESOURCE_SEND = 0 >>> N0=6 
>>> TERMINATED NODE >>>
End Avance Phase Prima input = 0, body = 5 , output = 0
Generation Phase/Generation Phase Prima, input = 0, body = 5 , output = 0
End Generation Phase/Generation Phase Prima, input = 0, body = 5 , output = 0
Avance Phase Prima input = 0, body = 5 , output = 0
>>> RESOURCE_REQUEST >>>
<<< Q0 = 4 <<< RESOURCE_RESPONSE ( 1 )<<< 
0 >>> RESOURCE_DEMAND >>> Q0 = 4 
<<< TRANSACTION_BEGIN <<<
>>> TRANSACTION_COMMIT >>>
>>> RESOURCE_REQUEST >>>
<<< Q0 = 4 <<< RESOURCE_RESPONSE ( 0 )<<< 
0 >>> RESOURCE_NO_DEMAND >>> Q0 = 4 
>>> RESOURCE_SEND = 0 >>> N0=6 
>>> NOT TERMINATED NODE >>>
End Avance Phase Prima input = 1, body = 5 , output = 0
Generation Phase/Generation Phase Prima, input = 1, body = 5 , output = 0
End Generation Phase/Generation Phase Prima, input = 0, body = 6 , output = 0
Avance Phase Prima input = 0, body = 6 , output = 0
>>> RESOURCE_REQUEST >>>
<<< Q0 = 4 <<< RESOURCE_RESPONSE ( 0 )<<< 
0 >>> RESOURCE_NO_DEMAND >>> Q0 = 4 
>>> RESOURCE_SEND = 0 >>> N0=6 
>>> TERMINATED NODE >>>
End Avance Phase Prima input = 0, body = 6 , output = 0
Generation Phase/Generation Phase Prima, input = 0, body = 6 , output = 0
End Generation Phase/Generation Phase Prima, input = 0, body = 6 , output = 0
Avance Phase Prima input = 0, body = 6 , output = 0
>>> RESOURCE_REQUEST >>>
<<< Q0 = 4 <<< RESOURCE_RESPONSE ( 1 )<<< 
0 >>> RESOURCE_DEMAND >>> Q0 = 4 
<<< TRANSACTION_BEGIN <<<
>>> TRANSACTION_COMMIT >>>
>>> RESOURCE_REQUEST >>>
<<< Q0 = 4 <<< RESOURCE_RESPONSE ( 0 )<<< 
0 >>> RESOURCE_NO_DEMAND >>> Q0 = 4 
>>> RESOURCE_SEND = 0 >>> N0=6 
>>> NOT TERMINATED NODE >>>
End Avance Phase Prima input = 1, body = 6 , output = 0
Generation Phase/Generation Phase Prima, input = 1, body = 6 , output = 0
End Generation Phase/Generation Phase Prima, input = 0, body = 7 , output = 0
Avance Phase Prima input = 0, body = 7 , output = 0
>>> RESOURCE_REQUEST >>>
<<< Q0 = 4 <<< RESOURCE_RESPONSE ( 0 )<<< 
0 >>> RESOURCE_NO_DEMAND >>> Q0 = 4 
>>> RESOURCE_SEND = 0 >>> N0=6 
>>> TERMINATED NODE >>>
End Avance Phase Prima input = 0, body = 7 , output = 0
Generation Phase/Generation Phase Prima, input = 0, body = 7 , output = 0
End Generation Phase/Generation Phase Prima, input = 0, body = 7 , output = 0
Avance Phase Prima input = 0, body = 7 , output = 0
>>> RESOURCE_REQUEST >>>
<<< Q0 = 4 <<< RESOURCE_RESPONSE ( 1 )<<< 
0 >>> RESOURCE_DEMAND >>> Q0 = 4 
<<< TRANSACTION_BEGIN <<<
>>> TRANSACTION_COMMIT >>>
>>> RESOURCE_REQUEST >>>
<<< Q0 = 4 <<< RESOURCE_RESPONSE ( 0 )<<< 
0 >>> RESOURCE_NO_DEMAND >>> Q0 = 4 
>>> RESOURCE_SEND = 0 >>> N0=6 
>>> NOT TERMINATED NODE >>>
End Avance Phase Prima input = 1, body = 7 , output = 0
Generation Phase/Generation Phase Prima, input = 1, body = 7 , output = 0
End Generation Phase/Generation Phase Prima, input = 0, body = 8 , output = 0
Avance Phase Prima input = 0, body = 8 , output = 0
>>> RESOURCE_REQUEST >>>
<<< Q0 = 4 <<< RESOURCE_RESPONSE ( 0 )<<< 
0 >>> RESOURCE_NO_DEMAND >>> Q0 = 4 
>>> RESOURCE_SEND = 0 >>> N0=6 
>>> TERMINATED NODE >>>
End Avance Phase Prima input = 0, body = 8 , output = 0
Generation Phase/Generation Phase Prima, input = 0, body = 8 , output = 0
End Generation Phase/Generation Phase Prima, input = 0, body = 8 , output = 0
Avance Phase Prima input = 0, body = 8 , output = 0
>>> RESOURCE_REQUEST >>>
<<< Q0 = 4 <<< RESOURCE_RESPONSE ( 1 )<<< 
0 >>> RESOURCE_DEMAND >>> Q0 = 4 
<<< TRANSACTION_BEGIN <<<
>>> TRANSACTION_COMMIT >>>
>>> RESOURCE_REQUEST >>>
<<< Q0 = 4 <<< RESOURCE_RESPONSE ( 0 )<<< 
0 >>> RESOURCE_NO_DEMAND >>> Q0 = 4 
>>> RESOURCE_SEND = 0 >>> N0=6 
>>> NOT TERMINATED NODE >>>
End Avance Phase Prima input = 1, body = 8 , output = 0
Generation Phase/Generation Phase Prima, input = 1, body = 8 , output = 0
End Generation Phase/Generation Phase Prima, input = 0, body = 9 , output = 0
Avance Phase Prima input = 0, body = 9 , output = 0
>>> RESOURCE_REQUEST >>>
<<< Q0 = 4 <<< RESOURCE_RESPONSE ( 0 )<<< 
0 >>> RESOURCE_NO_DEMAND >>> Q0 = 4 
>>> RESOURCE_SEND = 0 >>> N0=6 
>>> TERMINATED NODE >>>
End Avance Phase Prima input = 0, body = 9 , output = 0
Generation Phase/Generation Phase Prima, input = 0, body = 9 , output = 0
End Generation Phase/Generation Phase Prima, input = 0, body = 9 , output = 0
Avance Phase Prima input = 0, body = 9 , output = 0
>>> RESOURCE_REQUEST >>>
<<< Q0 = 4 <<< RESOURCE_RESPONSE ( 1 )<<< 
0 >>> RESOURCE_DEMAND >>> Q0 = 4 
<<< TRANSACTION_BEGIN <<<
>>> TRANSACTION_COMMIT >>>
>>> RESOURCE_REQUEST >>>
<<< Q0 = 4 <<< RESOURCE_RESPONSE ( 0 )<<< 
0 >>> RESOURCE_NO_DEMAND >>> Q0 = 4 
>>> RESOURCE_SEND = 0 >>> N0=6 
>>> NOT TERMINATED NODE >>>
End Avance Phase Prima input = 1, body = 9 , output = 0
CONSUME_DT, input = 1, body = 9 , output = 0
END CONSUME_DT, input = 1, body = 9 , output = 0
PING_REPORT, input = 1, body = 9 , output = 0
END PING_REPORT, input = 1, body = 9 , output = 0
Generation Phase/Generation Phase Prima, input = 1, body = 9 , output = 0
End Generation Phase/Generation Phase Prima, input = 0, body = 10 , output = 0
Avance Phase input = 0, body = 10 , output = 0
>>> RESOURCE_REQUEST >>>
<<< Q0 = 4 <<< RESOURCE_RESPONSE ( 0 )<<< 
0 >>> RESOURCE_NO_DEMAND >>> Q0 = 4 
>>> RESOURCE_SEND = 0 >>> N0=6 
End Avance Phase input = 0, body = 10 , output = 0
Generation Phase/Generation Phase Prima, input = 0, body = 10 , output = 0
End Generation Phase/Generation Phase Prima, input = 0, body = 10 , output = 0
Avance Phase Prima input = 0, body = 10 , output = 0
>>> RESOURCE_REQUEST >>>
<<< Q0 = 4 <<< RESOURCE_RESPONSE ( 1 )<<< 
0 >>> RESOURCE_DEMAND >>> Q0 = 4 
<<< TRANSACTION_BEGIN <<<
>>> TRANSACTION_COMMIT >>>
>>> RESOURCE_REQUEST >>>
<<< Q0 = 4 <<< RESOURCE_RESPONSE ( 0 )<<< 
0 >>> RESOURCE_NO_DEMAND >>> Q0 = 4 
>>> RESOURCE_SEND = 0 >>> N0=6 
>>> NOT TERMINATED NODE >>>
End Avance Phase Prima input = 1, body = 10 , output = 0
Generation Phase/Generation Phase Prima, input = 1, body = 10 , output = 0
End Generation Phase/Generation Phase Prima, input = 0, body = 11 , output = 0
Avance Phase Prima input = 0, body = 11 , output = 0
>>> RESOURCE_REQUEST >>>
<<< Q0 = 4 <<< RESOURCE_RESPONSE ( 0 )<<< 
0 >>> RESOURCE_NO_DEMAND >>> Q0 = 4 
>>> RESOURCE_SEND = 0 >>> N0=6 
>>> TERMINATED NODE >>>
End Avance Phase Prima input = 0, body = 11 , output = 0
Generation Phase/Generation Phase Prima, input = 0, body = 11 , output = 0
End Generation Phase/Generation Phase Prima, input = 0, body = 11 , output = 0
Avance Phase Prima input = 0, body = 11 , output = 0
>>> RESOURCE_REQUEST >>>
<<< Q0 = 4 <<< RESOURCE_RESPONSE ( 1 )<<< 
0 >>> RESOURCE_DEMAND >>> Q0 = 4 
<<< TRANSACTION_BEGIN <<<
>>> TRANSACTION_COMMIT >>>
>>> RESOURCE_REQUEST >>>
<<< Q0 = 4 <<< RESOURCE_RESPONSE ( 0 )<<< 
0 >>> RESOURCE_NO_DEMAND >>> Q0 = 4 
>>> RESOURCE_SEND = 0 >>> N0=6 
>>> NOT TERMINATED NODE >>>
End Avance Phase Prima input = 1, body = 11 , output = 0
Generation Phase/Generation Phase Prima, input = 1, body = 11 , output = 0
End Generation Phase/Generation Phase Prima, input = 0, body = 12 , output = 0
Avance Phase Prima input = 0, body = 12 , output = 0
>>> RESOURCE_REQUEST >>>
<<< Q0 = 4 <<< RESOURCE_RESPONSE ( 0 )<<< 
0 >>> RESOURCE_NO_DEMAND >>> Q0 = 4 
>>> RESOURCE_SEND = 0 >>> N0=6 
>>> TERMINATED NODE >>>
End Avance Phase Prima input = 0, body = 12 , output = 0
Generation Phase/Generation Phase Prima, input = 0, body = 12 , output = 0
End Generation Phase/Generation Phase Prima, input = 0, body = 12 , output = 0
Avance Phase Prima input = 0, body = 12 , output = 0
>>> RESOURCE_REQUEST >>>
<<< Q0 = 4 <<< RESOURCE_RESPONSE ( 1 )<<< 
0 >>> RESOURCE_DEMAND >>> Q0 = 4 
<<< TRANSACTION_BEGIN <<<
>>> TRANSACTION_COMMIT >>>
>>> RESOURCE_REQUEST >>>
<<< Q0 = 4 <<< RESOURCE_RESPONSE ( 0 )<<< 
0 >>> RESOURCE_NO_DEMAND >>> Q0 = 4 
>>> RESOURCE_SEND = 0 >>> N0=6 
>>> NOT TERMINATED NODE >>>
End Avance Phase Prima input = 1, body = 12 , output = 0
Generation Phase/Generation Phase Prima, input = 1, body = 12 , output = 0
End Generation Phase/Generation Phase Prima, input = 0, body = 13 , output = 0
Avance Phase Prima input = 0, body = 13 , output = 0
>>> RESOURCE_REQUEST >>>
<<< Q0 = 4 <<< RESOURCE_RESPONSE ( 0 )<<< 
0 >>> RESOURCE_NO_DEMAND >>> Q0 = 4 
>>> RESOURCE_SEND = 0 >>> N0=6 
>>> TERMINATED NODE >>>
End Avance Phase Prima input = 0, body = 13 , output = 0
Generation Phase/Generation Phase Prima, input = 0, body = 13 , output = 0
End Generation Phase/Generation Phase Prima, input = 0, body = 13 , output = 0
Avance Phase Prima input = 0, body = 13 , output = 0
>>> RESOURCE_REQUEST >>>
<<< Q0 = 4 <<< RESOURCE_RESPONSE ( 1 )<<< 
0 >>> RESOURCE_DEMAND >>> Q0 = 4 
<<< TRANSACTION_BEGIN <<<
>>> TRANSACTION_COMMIT >>>
>>> RESOURCE_REQUEST >>>
<<< Q0 = 4 <<< RESOURCE_RESPONSE ( 0 )<<< 
0 >>> RESOURCE_NO_DEMAND >>> Q0 = 4 
>>> RESOURCE_SEND = 0 >>> N0=6 
>>> NOT TERMINATED NODE >>>
End Avance Phase Prima input = 1, body = 13 , output = 0
Generation Phase/Generation Phase Prima, input = 1, body = 13 , output = 0
End Generation Phase/Generation Phase Prima, input = 0, body = 14 , output = 0
Avance Phase Prima input = 0, body = 14 , output = 0
>>> RESOURCE_REQUEST >>>
<<< Q0 = 4 <<< RESOURCE_RESPONSE ( 0 )<<< 
0 >>> RESOURCE_NO_DEMAND >>> Q0 = 4 
>>> RESOURCE_SEND = 0 >>> N0=6 
>>> TERMINATED NODE >>>
End Avance Phase Prima input = 0, body = 14 , output = 0
Generation Phase/Generation Phase Prima, input = 0, body = 14 , output = 0
End Generation Phase/Generation Phase Prima, input = 0, body = 14 , output = 0
Avance Phase Prima input = 0, body = 14 , output = 0
>>> RESOURCE_REQUEST >>>
<<< Q0 = 4 <<< RESOURCE_RESPONSE ( 1 )<<< 
0 >>> RESOURCE_DEMAND >>> Q0 = 4 
<<< TRANSACTION_BEGIN <<<
>>> TRANSACTION_COMMIT >>>
>>> RESOURCE_REQUEST >>>
<<< Q0 = 4 <<< RESOURCE_RESPONSE ( 0 )<<< 
0 >>> RESOURCE_NO_DEMAND >>> Q0 = 4 
>>> RESOURCE_SEND = 0 >>> N0=6 
>>> NOT TERMINATED NODE >>>
End Avance Phase Prima input = 1, body = 14 , output = 0
Generation Phase/Generation Phase Prima, input = 1, body = 14 , output = 0
End Generation Phase/Generation Phase Prima, input = 0, body = 15 , output = 0
Avance Phase Prima input = 0, body = 15 , output = 0
>>> RESOURCE_REQUEST >>>
<<< Q0 = 4 <<< RESOURCE_RESPONSE ( 0 )<<< 
0 >>> RESOURCE_NO_DEMAND >>> Q0 = 4 
>>> RESOURCE_SEND = 0 >>> N0=6 
>>> TERMINATED NODE >>>
End Avance Phase Prima input = 0, body = 15 , output = 0
CONSUME_DT, input = 0, body = 15 , output = 0
END CONSUME_DT, input = 0, body = 15 , output = 0
PING_REPORT, input = 0, body = 15 , output = 0
END PING_REPORT, input = 0, body = 15 , output = 0
Generation Phase/Generation Phase Prima, input = 0, body = 15 , output = 0
End Generation Phase/Generation Phase Prima, input = 0, body = 15 , output = 0
Avance Phase input = 0, body = 15 , output = 0
>>> RESOURCE_REQUEST >>>
<<< Q0 = 4 <<< RESOURCE_RESPONSE ( 1 )<<< 
0 >>> RESOURCE_DEMAND >>> Q0 = 4 
<<< TRANSACTION_BEGIN <<<
>>> TRANSACTION_COMMIT >>>
>>> RESOURCE_REQUEST >>>
<<< Q0 = 4 <<< RESOURCE_RESPONSE ( 0 )<<< 
0 >>> RESOURCE_NO_DEMAND >>> Q0 = 4 
>>> RESOURCE_SEND = 0 >>> N0=6 
End Avance Phase input = 1, body = 15 , output = 0
Generation Phase/Generation Phase Prima, input = 1, body = 15 , output = 0
End Generation Phase/Generation Phase Prima, input = 0, body = 16 , output = 0
Avance Phase Prima input = 0, body = 16 , output = 0
>>> RESOURCE_REQUEST >>>
<<< Q0 = 4 <<< RESOURCE_RESPONSE ( 0 )<<< 
0 >>> RESOURCE_NO_DEMAND >>> Q0 = 4 
>>> RESOURCE_SEND = 0 >>> N0=6 
>>> TERMINATED NODE >>>
End Avance Phase Prima input = 0, body = 16 , output = 0
Generation Phase/Generation Phase Prima, input = 0, body = 16 , output = 0
End Generation Phase/Generation Phase Prima, input = 0, body = 16 , output = 0
Avance Phase Prima input = 0, body = 16 , output = 0
>>> RESOURCE_REQUEST >>>
<<< Q0 = 4 <<< RESOURCE_RESPONSE ( 1 )<<< 
0 >>> RESOURCE_DEMAND >>> Q0 = 4 
<<< TRANSACTION_BEGIN <<<
>>> TRANSACTION_COMMIT >>>
>>> RESOURCE_REQUEST >>>
<<< Q0 = 4 <<< RESOURCE_RESPONSE ( 0 )<<< 
0 >>> RESOURCE_NO_DEMAND >>> Q0 = 4 
>>> RESOURCE_SEND = 0 >>> N0=6 
>>> NOT TERMINATED NODE >>>
End Avance Phase Prima input = 1, body = 16 , output = 0
Generation Phase/Generation Phase Prima, input = 1, body = 16 , output = 0
End Generation Phase/Generation Phase Prima, input = 0, body = 17 , output = 0
Avance Phase Prima input = 0, body = 17 , output = 0
>>> RESOURCE_REQUEST >>>
<<< Q0 = 4 <<< RESOURCE_RESPONSE ( 0 )<<< 
0 >>> RESOURCE_NO_DEMAND >>> Q0 = 4 
>>> RESOURCE_SEND = 0 >>> N0=6 
>>> TERMINATED NODE >>>
End Avance Phase Prima input = 0, body = 17 , output = 0
Generation Phase/Generation Phase Prima, input = 0, body = 17 , output = 0
End Generation Phase/Generation Phase Prima, input = 0, body = 17 , output = 0
Avance Phase Prima input = 0, body = 17 , output = 0
>>> RESOURCE_REQUEST >>>
<<< Q0 = 4 <<< RESOURCE_RESPONSE ( 1 )<<< 
0 >>> RESOURCE_DEMAND >>> Q0 = 4 
<<< TRANSACTION_BEGIN <<<
>>> TRANSACTION_COMMIT >>>
>>> RESOURCE_REQUEST >>>
<<< Q0 = 4 <<< RESOURCE_RESPONSE ( 0 )<<< 
0 >>> RESOURCE_NO_DEMAND >>> Q0 = 4 
>>> RESOURCE_SEND = 0 >>> N0=6 
>>> NOT TERMINATED NODE >>>
End Avance Phase Prima input = 1, body = 17 , output = 0
Generation Phase/Generation Phase Prima, input = 1, body = 17 , output = 0
End Generation Phase/Generation Phase Prima, input = 0, body = 18 , output = 0
Avance Phase Prima input = 0, body = 18 , output = 0
>>> RESOURCE_REQUEST >>>
<<< Q0 = 4 <<< RESOURCE_RESPONSE ( 0 )<<< 
0 >>> RESOURCE_NO_DEMAND >>> Q0 = 4 
>>> RESOURCE_SEND = 0 >>> N0=6 
>>> TERMINATED NODE >>>
End Avance Phase Prima input = 0, body = 18 , output = 0
Generation Phase/Generation Phase Prima, input = 0, body = 18 , output = 0
End Generation Phase/Generation Phase Prima, input = 0, body = 18 , output = 0
Avance Phase Prima input = 0, body = 18 , output = 0
>>> RESOURCE_REQUEST >>>
<<< Q0 = 4 <<< RESOURCE_RESPONSE ( 1 )<<< 
0 >>> RESOURCE_DEMAND >>> Q0 = 4 
<<< TRANSACTION_BEGIN <<<
>>> TRANSACTION_COMMIT >>>
>>> RESOURCE_REQUEST >>>
<<< Q0 = 4 <<< RESOURCE_RESPONSE ( 0 )<<< 
0 >>> RESOURCE_NO_DEMAND >>> Q0 = 4 
>>> RESOURCE_SEND = 0 >>> N0=6 
>>> NOT TERMINATED NODE >>>
End Avance Phase Prima input = 1, body = 18 , output = 0
Generation Phase/Generation Phase Prima, input = 1, body = 18 , output = 0
End Generation Phase/Generation Phase Prima, input = 0, body = 19 , output = 0
Avance Phase Prima input = 0, body = 19 , output = 0
>>> RESOURCE_REQUEST >>>
<<< Q0 = 4 <<< RESOURCE_RESPONSE ( 0 )<<< 
0 >>> RESOURCE_NO_DEMAND >>> Q0 = 4 
>>> RESOURCE_SEND = 0 >>> N0=6 
>>> TERMINATED NODE >>>
End Avance Phase Prima input = 0, body = 19 , output = 0
Generation Phase/Generation Phase Prima, input = 0, body = 19 , output = 0
End Generation Phase/Generation Phase Prima, input = 0, body = 19 , output = 0
Avance Phase Prima input = 0, body = 19 , output = 0
>>> RESOURCE_REQUEST >>>
<<< Q0 = 4 <<< RESOURCE_RESPONSE ( 1 )<<< 
0 >>> RESOURCE_DEMAND >>> Q0 = 4 
<<< TRANSACTION_BEGIN <<<
>>> TRANSACTION_COMMIT >>>
>>> RESOURCE_REQUEST >>>
<<< Q0 = 4 <<< RESOURCE_RESPONSE ( 0 )<<< 
0 >>> RESOURCE_NO_DEMAND >>> Q0 = 4 
>>> RESOURCE_SEND = 0 >>> N0=6 
>>> NOT TERMINATED NODE >>>
End Avance Phase Prima input = 1, body = 19 , output = 0
Generation Phase/Generation Phase Prima, input = 1, body = 19 , output = 0
End Generation Phase/Generation Phase Prima, input = 0, body = 20 , output = 0
Avance Phase Prima input = 0, body = 20 , output = 0
>>> RESOURCE_REQUEST >>>
<<< Q0 = 4 <<< RESOURCE_RESPONSE ( 0 )<<< 
0 >>> RESOURCE_NO_DEMAND >>> Q0 = 4 
>>> RESOURCE_SEND = 0 >>> N0=6 
>>> TERMINATED NODE >>>
End Avance Phase Prima input = 0, body = 20 , output = 0
Generation Phase/Generation Phase Prima, input = 0, body = 20 , output = 0
End Generation Phase/Generation Phase Prima, input = 0, body = 20 , output = 0
Avance Phase Prima input = 0, body = 20 , output = 0
>>> RESOURCE_REQUEST >>>
<<< Q0 = 4 <<< RESOURCE_RESPONSE ( 1 )<<< 
0 >>> RESOURCE_DEMAND >>> Q0 = 4 
<<< TRANSACTION_BEGIN <<<
>>> TRANSACTION_COMMIT >>>
>>> RESOURCE_REQUEST >>>
<<< Q0 = 4 <<< RESOURCE_RESPONSE ( 0 )<<< 
0 >>> RESOURCE_NO_DEMAND >>> Q0 = 4 
>>> RESOURCE_SEND = 0 >>> N0=6 
>>> NOT TERMINATED NODE >>>
End Avance Phase Prima input = 1, body = 20 , output = 0
CONSUME_DT, input = 1, body = 20 , output = 0
END CONSUME_DT, input = 1, body = 16 , output = 4
PING_REPORT, input = 1, body = 16 , output = 4
END PING_REPORT, input = 1, body = 16 , output = 4
Generation Phase/Generation Phase Prima, input = 1, body = 16 , output = 4
End Generation Phase/Generation Phase Prima, input = 0, body = 17 , output = 4
Avance Phase input = 0, body = 17 , output = 4
>>> RESOURCE_REQUEST >>>
<<< Q0 = 4 <<< RESOURCE_RESPONSE ( 0 )<<< 
0 >>> RESOURCE_NO_DEMAND >>> Q0 = 4 
>>> RESOURCE_SEND = 4 >>> N0=6 
End Avance Phase input = 0, body = 17 , output = 0
Generation Phase/Generation Phase Prima, input = 0, body = 17 , output = 0
End Generation Phase/Generation Phase Prima, input = 0, body = 17 , output = 0
Avance Phase Prima input = 0, body = 17 , output = 0
>>> RESOURCE_REQUEST >>>
<<< Q0 = 4 <<< RESOURCE_RESPONSE ( 1 )<<< 
0 >>> RESOURCE_DEMAND >>> Q0 = 4 
<<< TRANSACTION_BEGIN <<<
>>> TRANSACTION_COMMIT >>>
>>> RESOURCE_REQUEST >>>
<<< Q0 = 4 <<< RESOURCE_RESPONSE ( 0 )<<< 
0 >>> RESOURCE_NO_DEMAND >>> Q0 = 4 
>>> RESOURCE_SEND = 0 >>> N0=6 
>>> NOT TERMINATED NODE >>>
End Avance Phase Prima input = 1, body = 17 , output = 0
Generation Phase/Generation Phase Prima, input = 1, body = 17 , output = 0
End Generation Phase/Generation Phase Prima, input = 0, body = 18 , output = 0
Avance Phase Prima input = 0, body = 18 , output = 0
>>> RESOURCE_REQUEST >>>
<<< Q0 = 4 <<< RESOURCE_RESPONSE ( 0 )<<< 
0 >>> RESOURCE_NO_DEMAND >>> Q0 = 4 
>>> RESOURCE_SEND = 0 >>> N0=6 
>>> TERMINATED NODE >>>
End Avance Phase Prima input = 0, body = 18 , output = 0
Generation Phase/Generation Phase Prima, input = 0, body = 18 , output = 0
End Generation Phase/Generation Phase Prima, input = 0, body = 18 , output = 0
Avance Phase Prima input = 0, body = 18 , output = 0
>>> RESOURCE_REQUEST >>>
<<< Q0 = 4 <<< RESOURCE_RESPONSE ( 2 )<<< 
0 >>> RESOURCE_DEMAND >>> Q0 = 4 
<<< TRANSACTION_BEGIN <<<
>>> TRANSACTION_COMMIT >>>
>>> RESOURCE_REQUEST >>>
<<< Q0 = 4 <<< RESOURCE_RESPONSE ( 1 )<<< 
0 >>> RESOURCE_DEMAND >>> Q0 = 4 
<<< TRANSACTION_BEGIN <<<
>>> TRANSACTION_COMMIT >>>
>>> RESOURCE_REQUEST >>>
<<< Q0 = 4 <<< RESOURCE_RESPONSE ( 0 )<<< 
0 >>> RESOURCE_NO_DEMAND >>> Q0 = 4 
>>> RESOURCE_SEND = 0 >>> N0=6 
>>> NOT TERMINATED NODE >>>
End Avance Phase Prima input = 2, body = 18 , output = 0
Generation Phase/Generation Phase Prima, input = 2, body = 18 , output = 0
End Generation Phase/Generation Phase Prima, input = 0, body = 20 , output = 0
Avance Phase Prima input = 0, body = 20 , output = 0
>>> RESOURCE_REQUEST >>>
<<< Q0 = 4 <<< RESOURCE_RESPONSE ( 0 )<<< 
0 >>> RESOURCE_NO_DEMAND >>> Q0 = 4 
>>> RESOURCE_SEND = 0 >>> N0=6 
>>> TERMINATED NODE >>>
End Avance Phase Prima input = 0, body = 20 , output = 0
Generation Phase/Generation Phase Prima, input = 0, body = 20 , output = 0
End Generation Phase/Generation Phase Prima, input = 0, body = 20 , output = 0
Avance Phase Prima input = 0, body = 20 , output = 0
>>> RESOURCE_REQUEST >>>
<<< Q0 = 4 <<< RESOURCE_RESPONSE ( 1 )<<< 
0 >>> RESOURCE_DEMAND >>> Q0 = 4 
<<< TRANSACTION_BEGIN <<<
>>> TRANSACTION_COMMIT >>>
>>> RESOURCE_REQUEST >>>
<<< Q0 = 4 <<< RESOURCE_RESPONSE ( 0 )<<< 
0 >>> RESOURCE_NO_DEMAND >>> Q0 = 4 
>>> RESOURCE_SEND = 0 >>> N0=6 
>>> NOT TERMINATED NODE >>>
End Avance Phase Prima input = 1, body = 20 , output = 0
Generation Phase/Generation Phase Prima, input = 1, body = 20 , output = 0
End Generation Phase/Generation Phase Prima, input = 0, body = 21 , output = 0
Avance Phase Prima input = 0, body = 21 , output = 0
>>> RESOURCE_REQUEST >>>
<<< Q0 = 4 <<< RESOURCE_RESPONSE ( 0 )<<< 
0 >>> RESOURCE_NO_DEMAND >>> Q0 = 4 
>>> RESOURCE_SEND = 0 >>> N0=6 
>>> TERMINATED NODE >>>
End Avance Phase Prima input = 0, body = 21 , output = 0
Generation Phase/Generation Phase Prima, input = 0, body = 21 , output = 0
End Generation Phase/Generation Phase Prima, input = 0, body = 21 , output = 0
Avance Phase Prima input = 0, body = 21 , output = 0
>>> RESOURCE_REQUEST >>>
<<< Q0 = 4 <<< RESOURCE_RESPONSE ( 1 )<<< 
0 >>> RESOURCE_DEMAND >>> Q0 = 4 
<<< TRANSACTION_BEGIN <<<
>>> TRANSACTION_COMMIT >>>
>>> RESOURCE_REQUEST >>>
<<< Q0 = 4 <<< RESOURCE_RESPONSE ( 0 )<<< 
0 >>> RESOURCE_NO_DEMAND >>> Q0 = 4 
>>> RESOURCE_SEND = 0 >>> N0=6 
>>> NOT TERMINATED NODE >>>
End Avance Phase Prima input = 1, body = 21 , output = 0
Generation Phase/Generation Phase Prima, input = 1, body = 21 , output = 0
End Generation Phase/Generation Phase Prima, input = 0, body = 22 , output = 0
Avance Phase Prima input = 0, body = 22 , output = 0
>>> RESOURCE_REQUEST >>>
<<< Q0 = 4 <<< RESOURCE_RESPONSE ( 0 )<<< 
0 >>> RESOURCE_NO_DEMAND >>> Q0 = 4 
>>> RESOURCE_SEND = 0 >>> N0=6 
>>> TERMINATED NODE >>>
End Avance Phase Prima input = 0, body = 22 , output = 0
Generation Phase/Generation Phase Prima, input = 0, body = 22 , output = 0
End Generation Phase/Generation Phase Prima, input = 0, body = 22 , output = 0
Avance Phase Prima input = 0, body = 22 , output = 0
>>> RESOURCE_REQUEST >>>
<<< Q0 = 4 <<< RESOURCE_RESPONSE ( 1 )<<< 
0 >>> RESOURCE_DEMAND >>> Q0 = 4 
<<< TRANSACTION_BEGIN <<<
>>> TRANSACTION_COMMIT >>>
>>> RESOURCE_REQUEST >>>
<<< Q0 = 4 <<< RESOURCE_RESPONSE ( 0 )<<< 
0 >>> RESOURCE_NO_DEMAND >>> Q0 = 4 
>>> RESOURCE_SEND = 0 >>> N0=6 
>>> NOT TERMINATED NODE >>>
End Avance Phase Prima input = 1, body = 22 , output = 0
Generation Phase/Generation Phase Prima, input = 1, body = 22 , output = 0
End Generation Phase/Generation Phase Prima, input = 0, body = 23 , output = 0
Avance Phase Prima input = 0, body = 23 , output = 0
>>> RESOURCE_REQUEST >>>
<<< Q0 = 4 <<< RESOURCE_RESPONSE ( 0 )<<< 
0 >>> RESOURCE_NO_DEMAND >>> Q0 = 4 
>>> RESOURCE_SEND = 0 >>> N0=6 
>>> TERMINATED NODE >>>
End Avance Phase Prima input = 0, body = 23 , output = 0
CONSUME_DT, input = 0, body = 23 , output = 0
END CONSUME_DT, input = 0, body = 18 , output = 5
PING_REPORT, input = 0, body = 18 , output = 5
END PING_REPORT, input = 0, body = 18 , output = 5
Generation Phase/Generation Phase Prima, input = 0, body = 18 , output = 5
End Generation Phase/Generation Phase Prima, input = 0, body = 18 , output = 5
Avance Phase input = 0, body = 18 , output = 5
>>> RESOURCE_REQUEST >>>
<<< Q0 = 4 <<< RESOURCE_RESPONSE ( 1 )<<< 
0 >>> RESOURCE_DEMAND >>> Q0 = 4 
<<< TRANSACTION_BEGIN <<<
>>> TRANSACTION_COMMIT >>>
>>> RESOURCE_REQUEST >>>
<<< Q0 = 4 <<< RESOURCE_RESPONSE ( 0 )<<< 
0 >>> RESOURCE_NO_DEMAND >>> Q0 = 4 
>>> RESOURCE_SEND = 5 >>> N0=6 
End Avance Phase input = 1, body = 18 , output = 0
Generation Phase/Generation Phase Prima, input = 1, body = 18 , output = 0
End Generation Phase/Generation Phase Prima, input = 0, body = 19 , output = 0
Avance Phase Prima input = 0, body = 19 , output = 0
>>> RESOURCE_REQUEST >>>
<<< Q0 = 4 <<< RESOURCE_RESPONSE ( 0 )<<< 
0 >>> RESOURCE_NO_DEMAND >>> Q0 = 4 
>>> RESOURCE_SEND = 0 >>> N0=6 
>>> TERMINATED NODE >>>
End Avance Phase Prima input = 0, body = 19 , output = 0
Generation Phase/Generation Phase Prima, input = 0, body = 19 , output = 0
End Generation Phase/Generation Phase Prima, input = 0, body = 19 , output = 0
Avance Phase Prima input = 0, body = 19 , output = 0
>>> RESOURCE_REQUEST >>>
<<< Q0 = 4 <<< RESOURCE_RESPONSE ( 1 )<<< 
0 >>> RESOURCE_DEMAND >>> Q0 = 4 
<<< TRANSACTION_BEGIN <<<
>>> TRANSACTION_COMMIT >>>
>>> RESOURCE_REQUEST >>>
<<< Q0 = 4 <<< RESOURCE_RESPONSE ( 0 )<<< 
0 >>> RESOURCE_NO_DEMAND >>> Q0 = 4 
>>> RESOURCE_SEND = 0 >>> N0=6 
>>> NOT TERMINATED NODE >>>
End Avance Phase Prima input = 1, body = 19 , output = 0
Generation Phase/Generation Phase Prima, input = 1, body = 19 , output = 0
End Generation Phase/Generation Phase Prima, input = 0, body = 20 , output = 0
Avance Phase Prima input = 0, body = 20 , output = 0
>>> RESOURCE_REQUEST >>>
<<< Q0 = 4 <<< RESOURCE_RESPONSE ( 1 )<<< 
0 >>> RESOURCE_DEMAND >>> Q0 = 4 
<<< TRANSACTION_BEGIN <<<
>>> TRANSACTION_COMMIT >>>
>>> RESOURCE_REQUEST >>>
<<< Q0 = 4 <<< RESOURCE_RESPONSE ( 0 )<<< 
0 >>> RESOURCE_NO_DEMAND >>> Q0 = 4 
>>> RESOURCE_SEND = 0 >>> N0=6 
>>> NOT TERMINATED NODE >>>
End Avance Phase Prima input = 1, body = 20 , output = 0
Generation Phase/Generation Phase Prima, input = 1, body = 20 , output = 0
End Generation Phase/Generation Phase Prima, input = 0, body = 21 , output = 0
Avance Phase Prima input = 0, body = 21 , output = 0
>>> RESOURCE_REQUEST >>>
<<< Q0 = 4 <<< RESOURCE_RESPONSE ( 1 )<<< 
0 >>> RESOURCE_DEMAND >>> Q0 = 4 
<<< TRANSACTION_BEGIN <<<
>>> TRANSACTION_COMMIT >>>
>>> RESOURCE_REQUEST >>>
<<< Q0 = 4 <<< RESOURCE_RESPONSE ( 0 )<<< 
0 >>> RESOURCE_NO_DEMAND >>> Q0 = 4 
>>> RESOURCE_SEND = 0 >>> N0=6 
>>> NOT TERMINATED NODE >>>
End Avance Phase Prima input = 1, body = 21 , output = 0
Generation Phase/Generation Phase Prima, input = 1, body = 21 , output = 0
End Generation Phase/Generation Phase Prima, input = 0, body = 22 , output = 0
Avance Phase Prima input = 0, body = 22 , output = 0
>>> RESOURCE_REQUEST >>>
<<< Q0 = 4 <<< RESOURCE_RESPONSE ( 0 )<<< 
0 >>> RESOURCE_NO_DEMAND >>> Q0 = 4 
>>> RESOURCE_SEND = 0 >>> N0=6 
>>> TERMINATED NODE >>>
End Avance Phase Prima input = 0, body = 22 , output = 0
Generation Phase/Generation Phase Prima, input = 0, body = 22 , output = 0
End Generation Phase/Generation Phase Prima, input = 0, body = 22 , output = 0
Avance Phase Prima input = 0, body = 22 , output = 0
>>> RESOURCE_REQUEST >>>
<<< Q0 = 4 <<< RESOURCE_RESPONSE ( 1 )<<< 
0 >>> RESOURCE_DEMAND >>> Q0 = 4 
<<< TRANSACTION_BEGIN <<<
>>> TRANSACTION_COMMIT >>>
>>> RESOURCE_REQUEST >>>
<<< Q0 = 4 <<< RESOURCE_RESPONSE ( 0 )<<< 
0 >>> RESOURCE_NO_DEMAND >>> Q0 = 4 
>>> RESOURCE_SEND = 0 >>> N0=6 
>>> NOT TERMINATED NODE >>>
End Avance Phase Prima input = 1, body = 22 , output = 0
Generation Phase/Generation Phase Prima, input = 1, body = 22 , output = 0
End Generation Phase/Generation Phase Prima, input = 0, body = 23 , output = 0
Avance Phase Prima input = 0, body = 23 , output = 0
>>> RESOURCE_REQUEST >>>
<<< Q0 = 4 <<< RESOURCE_RESPONSE ( 0 )<<< 
0 >>> RESOURCE_NO_DEMAND >>> Q0 = 4 
>>> RESOURCE_SEND = 0 >>> N0=6 
>>> TERMINATED NODE >>>
End Avance Phase Prima input = 0, body = 23 , output = 0
Generation Phase/Generation Phase Prima, input = 0, body = 23 , output = 0
End Generation Phase/Generation Phase Prima, input = 0, body = 23 , output = 0
Avance Phase Prima input = 0, body = 23 , output = 0
>>> RESOURCE_REQUEST >>>
<<< Q0 = 4 <<< RESOURCE_RESPONSE ( 1 )<<< 
0 >>> RESOURCE_DEMAND >>> Q0 = 4 
<<< TRANSACTION_BEGIN <<<
>>> TRANSACTION_COMMIT >>>
>>> RESOURCE_REQUEST >>>
<<< Q0 = 4 <<< RESOURCE_RESPONSE ( 0 )<<< 
0 >>> RESOURCE_NO_DEMAND >>> Q0 = 4 
>>> RESOURCE_SEND = 0 >>> N0=6 
>>> NOT TERMINATED NODE >>>
End Avance Phase Prima input = 1, body = 23 , output = 0
Generation Phase/Generation Phase Prima, input = 1, body = 23 , output = 0
End Generation Phase/Generation Phase Prima, input = 0, body = 24 , output = 0
Avance Phase Prima input = 0, body = 24 , output = 0
>>> RESOURCE_REQUEST >>>
<<< Q0 = 4 <<< RESOURCE_RESPONSE ( 0 )<<< 
0 >>> RESOURCE_NO_DEMAND >>> Q0 = 4 
>>> RESOURCE_SEND = 0 >>> N0=6 
>>> TERMINATED NODE >>>
End Avance Phase Prima input = 0, body = 24 , output = 0
Generation Phase/Generation Phase Prima, input = 0, body = 24 , output = 0
End Generation Phase/Generation Phase Prima, input = 0, body = 24 , output = 0
Avance Phase Prima input = 0, body = 24 , output = 0
>>> RESOURCE_REQUEST >>>
<<< Q0 = 4 <<< RESOURCE_RESPONSE ( 1 )<<< 
0 >>> RESOURCE_DEMAND >>> Q0 = 4 
<<< TRANSACTION_BEGIN <<<
>>> TRANSACTION_COMMIT >>>
>>> RESOURCE_REQUEST >>>
<<< Q0 = 4 <<< RESOURCE_RESPONSE ( 0 )<<< 
0 >>> RESOURCE_NO_DEMAND >>> Q0 = 4 
>>> RESOURCE_SEND = 0 >>> N0=6 
>>> NOT TERMINATED NODE >>>
End Avance Phase Prima input = 1, body = 24 , output = 0
CONSUME_DT, input = 1, body = 24 , output = 0
END CONSUME_DT, input = 1, body = 18 , output = 6
PING_REPORT, input = 1, body = 18 , output = 6
END PING_REPORT, input = 1, body = 18 , output = 6
-- LIVE_LOCK --
